[19-Oct-2018 22:34:02 UTC] PHP Fatal error:  Call to undefined function issset() in /home/ubuntu/workspace/cst336/scart/index.php on line 2
[19-Oct-2018 22:34:02 UTC] PHP Stack trace:
[19-Oct-2018 22:34:02 UTC] PHP   1. {main}() /home/ubuntu/workspace/cst336/scart/index.php:0
[19-Oct-2018 22:34:34 UTC] PHP Fatal error:  Cannot use isset() on the result of an expression (you can use "null !== expression" instead) in /home/ubuntu/workspace/cst336/scart/index.php on line 2
[19-Oct-2018 23:25:14 UTC] PHP Parse error:  syntax error, unexpected ')' in /home/ubuntu/workspace/cst336/scart/functions.php on line 32
[19-Oct-2018 23:25:14 UTC] PHP Stack trace:
[19-Oct-2018 23:25:14 UTC] PHP   1. {main}() /home/ubuntu/workspace/cst336/scart/index.php:0
[19-Oct-2018 23:25:50 UTC] PHP Parse error:  syntax error, unexpected '}', expecting ',' or ';' in /home/ubuntu/workspace/cst336/scart/functions.php on line 38
[19-Oct-2018 23:25:50 UTC] PHP Stack trace:
[19-Oct-2018 23:25:50 UTC] PHP   1. {main}() /home/ubuntu/workspace/cst336/scart/index.php:0
[19-Oct-2018 23:26:14 UTC] PHP Warning:  array_push() expects parameter 1 to be array, string given in /home/ubuntu/workspace/cst336/scart/index.php on line 9
[19-Oct-2018 23:26:14 UTC] PHP Stack trace:
[19-Oct-2018 23:26:14 UTC] PHP   1. {main}() /home/ubuntu/workspace/cst336/scart/index.php:0
[19-Oct-2018 23:26:14 UTC] PHP   2. array_push() /home/ubuntu/workspace/cst336/scart/index.php:9
[19-Oct-2018 23:26:23 UTC] PHP Warning:  array_push() expects parameter 1 to be array, string given in /home/ubuntu/workspace/cst336/scart/index.php on line 9
[19-Oct-2018 23:26:23 UTC] PHP Stack trace:
[19-Oct-2018 23:26:23 UTC] PHP   1. {main}() /home/ubuntu/workspace/cst336/scart/index.php:0
[19-Oct-2018 23:26:23 UTC] PHP   2. array_push() /home/ubuntu/workspace/cst336/scart/index.php:9
[19-Oct-2018 23:26:25 UTC] PHP Warning:  array_push() expects parameter 1 to be array, string given in /home/ubuntu/workspace/cst336/scart/index.php on line 9
[19-Oct-2018 23:26:25 UTC] PHP Stack trace:
[19-Oct-2018 23:26:25 UTC] PHP   1. {main}() /home/ubuntu/workspace/cst336/scart/index.php:0
[19-Oct-2018 23:26:25 UTC] PHP   2. array_push() /home/ubuntu/workspace/cst336/scart/index.php:9
[19-Oct-2018 23:26:30 UTC] PHP Warning:  array_push() expects parameter 1 to be array, string given in /home/ubuntu/workspace/cst336/scart/index.php on line 9
[19-Oct-2018 23:26:30 UTC] PHP Stack trace:
[19-Oct-2018 23:26:30 UTC] PHP   1. {main}() /home/ubuntu/workspace/cst336/scart/index.php:0
[19-Oct-2018 23:26:30 UTC] PHP   2. array_push() /home/ubuntu/workspace/cst336/scart/index.php:9
[19-Oct-2018 23:28:26 UTC] PHP Warning:  array_push() expects parameter 1 to be array, string given in /home/ubuntu/workspace/cst336/scart/index.php on line 9
[19-Oct-2018 23:28:26 UTC] PHP Stack trace:
[19-Oct-2018 23:28:26 UTC] PHP   1. {main}() /home/ubuntu/workspace/cst336/scart/index.php:0
[19-Oct-2018 23:28:26 UTC] PHP   2. array_push() /home/ubuntu/workspace/cst336/scart/index.php:9
[19-Oct-2018 23:28:45 UTC] PHP Warning:  array_push() expects parameter 1 to be array, string given in /home/ubuntu/workspace/cst336/scart/index.php on line 9
[19-Oct-2018 23:28:45 UTC] PHP Stack trace:
[19-Oct-2018 23:28:45 UTC] PHP   1. {main}() /home/ubuntu/workspace/cst336/scart/index.php:0
[19-Oct-2018 23:28:45 UTC] PHP   2. array_push() /home/ubuntu/workspace/cst336/scart/index.php:9
[19-Oct-2018 23:28:48 UTC] PHP Warning:  array_push() expects parameter 1 to be array, string given in /home/ubuntu/workspace/cst336/scart/index.php on line 9
[19-Oct-2018 23:28:48 UTC] PHP Stack trace:
[19-Oct-2018 23:28:48 UTC] PHP   1. {main}() /home/ubuntu/workspace/cst336/scart/index.php:0
[19-Oct-2018 23:28:48 UTC] PHP   2. array_push() /home/ubuntu/workspace/cst336/scart/index.php:9
[19-Oct-2018 23:29:12 UTC] PHP Warning:  Invalid argument supplied for foreach() in /home/ubuntu/workspace/cst336/scart/functions.php on line 32
[19-Oct-2018 23:29:12 UTC] PHP Stack trace:
[19-Oct-2018 23:29:12 UTC] PHP   1. {main}() /home/ubuntu/workspace/cst336/scart/scart.php:0
[19-Oct-2018 23:29:12 UTC] PHP   2. displayCart() /home/ubuntu/workspace/cst336/scart/scart.php:40
[19-Oct-2018 23:32:36 UTC] PHP Warning:  Invalid argument supplied for foreach() in /home/ubuntu/workspace/cst336/scart/functions.php on line 32
[19-Oct-2018 23:32:36 UTC] PHP Stack trace:
[19-Oct-2018 23:32:36 UTC] PHP   1. {main}() /home/ubuntu/workspace/cst336/scart/scart.php:0
[19-Oct-2018 23:32:36 UTC] PHP   2. displayCart() /home/ubuntu/workspace/cst336/scart/scart.php:40
[19-Oct-2018 23:32:38 UTC] PHP Warning:  Invalid argument supplied for foreach() in /home/ubuntu/workspace/cst336/scart/functions.php on line 32
[19-Oct-2018 23:32:38 UTC] PHP Stack trace:
[19-Oct-2018 23:32:38 UTC] PHP   1. {main}() /home/ubuntu/workspace/cst336/scart/scart.php:0
[19-Oct-2018 23:32:38 UTC] PHP   2. displayCart() /home/ubuntu/workspace/cst336/scart/scart.php:40
[19-Oct-2018 23:44:19 UTC] PHP Warning:  Illegal string offset 'name' in /home/ubuntu/workspace/cst336/scart/functions.php on line 37
[19-Oct-2018 23:44:19 UTC] PHP Stack trace:
[19-Oct-2018 23:44:19 UTC] PHP   1. {main}() /home/ubuntu/workspace/cst336/scart/scart.php:0
[19-Oct-2018 23:44:19 UTC] PHP   2. displayCart() /home/ubuntu/workspace/cst336/scart/scart.php:41
[19-Oct-2018 23:44:19 UTC] PHP Warning:  Illegal string offset 'price' in /home/ubuntu/workspace/cst336/scart/functions.php on line 38
[19-Oct-2018 23:44:19 UTC] PHP Stack trace:
[19-Oct-2018 23:44:19 UTC] PHP   1. {main}() /home/ubuntu/workspace/cst336/scart/scart.php:0
[19-Oct-2018 23:44:19 UTC] PHP   2. displayCart() /home/ubuntu/workspace/cst336/scart/scart.php:41
[19-Oct-2018 23:44:19 UTC] PHP Warning:  Illegal string offset 'image' in /home/ubuntu/workspace/cst336/scart/functions.php on line 39
[19-Oct-2018 23:44:19 UTC] PHP Stack trace:
[19-Oct-2018 23:44:19 UTC] PHP   1. {main}() /home/ubuntu/workspace/cst336/scart/scart.php:0
[19-Oct-2018 23:44:19 UTC] PHP   2. displayCart() /home/ubuntu/workspace/cst336/scart/scart.php:41
[19-Oct-2018 23:44:19 UTC] PHP Warning:  Illegal string offset 'id' in /home/ubuntu/workspace/cst336/scart/functions.php on line 40
[19-Oct-2018 23:44:19 UTC] PHP Stack trace:
[19-Oct-2018 23:44:19 UTC] PHP   1. {main}() /home/ubuntu/workspace/cst336/scart/scart.php:0
[19-Oct-2018 23:44:19 UTC] PHP   2. displayCart() /home/ubuntu/workspace/cst336/scart/scart.php:41
[19-Oct-2018 23:46:46 UTC] PHP Warning:  Illegal string offset 'name' in /home/ubuntu/workspace/cst336/scart/functions.php on line 37
[19-Oct-2018 23:46:46 UTC] PHP Stack trace:
[19-Oct-2018 23:46:46 UTC] PHP   1. {main}() /home/ubuntu/workspace/cst336/scart/scart.php:0
[19-Oct-2018 23:46:46 UTC] PHP   2. displayCart() /home/ubuntu/workspace/cst336/scart/scart.php:41
[19-Oct-2018 23:46:46 UTC] PHP Warning:  Illegal string offset 'price' in /home/ubuntu/workspace/cst336/scart/functions.php on line 38
[19-Oct-2018 23:46:46 UTC] PHP Stack trace:
[19-Oct-2018 23:46:46 UTC] PHP   1. {main}() /home/ubuntu/workspace/cst336/scart/scart.php:0
[19-Oct-2018 23:46:46 UTC] PHP   2. displayCart() /home/ubuntu/workspace/cst336/scart/scart.php:41
[19-Oct-2018 23:46:46 UTC] PHP Warning:  Illegal string offset 'image' in /home/ubuntu/workspace/cst336/scart/functions.php on line 39
[19-Oct-2018 23:46:46 UTC] PHP Stack trace:
[19-Oct-2018 23:46:46 UTC] PHP   1. {main}() /home/ubuntu/workspace/cst336/scart/scart.php:0
[19-Oct-2018 23:46:46 UTC] PHP   2. displayCart() /home/ubuntu/workspace/cst336/scart/scart.php:41
[19-Oct-2018 23:46:46 UTC] PHP Warning:  Illegal string offset 'id' in /home/ubuntu/workspace/cst336/scart/functions.php on line 40
[19-Oct-2018 23:46:46 UTC] PHP Stack trace:
[19-Oct-2018 23:46:46 UTC] PHP   1. {main}() /home/ubuntu/workspace/cst336/scart/scart.php:0
[19-Oct-2018 23:46:46 UTC] PHP   2. displayCart() /home/ubuntu/workspace/cst336/scart/scart.php:41
[19-Oct-2018 23:47:04 UTC] PHP Warning:  Illegal string offset 'name' in /home/ubuntu/workspace/cst336/scart/functions.php on line 37
[19-Oct-2018 23:47:04 UTC] PHP Stack trace:
[19-Oct-2018 23:47:04 UTC] PHP   1. {main}() /home/ubuntu/workspace/cst336/scart/scart.php:0
[19-Oct-2018 23:47:04 UTC] PHP   2. displayCart() /home/ubuntu/workspace/cst336/scart/scart.php:41
[19-Oct-2018 23:47:04 UTC] PHP Warning:  Illegal string offset 'price' in /home/ubuntu/workspace/cst336/scart/functions.php on line 38
[19-Oct-2018 23:47:04 UTC] PHP Stack trace:
[19-Oct-2018 23:47:04 UTC] PHP   1. {main}() /home/ubuntu/workspace/cst336/scart/scart.php:0
[19-Oct-2018 23:47:04 UTC] PHP   2. displayCart() /home/ubuntu/workspace/cst336/scart/scart.php:41
[19-Oct-2018 23:47:04 UTC] PHP Warning:  Illegal string offset 'image' in /home/ubuntu/workspace/cst336/scart/functions.php on line 39
[19-Oct-2018 23:47:04 UTC] PHP Stack trace:
[19-Oct-2018 23:47:04 UTC] PHP   1. {main}() /home/ubuntu/workspace/cst336/scart/scart.php:0
[19-Oct-2018 23:47:04 UTC] PHP   2. displayCart() /home/ubuntu/workspace/cst336/scart/scart.php:41
[19-Oct-2018 23:47:04 UTC] PHP Warning:  Illegal string offset 'id' in /home/ubuntu/workspace/cst336/scart/functions.php on line 40
[19-Oct-2018 23:47:04 UTC] PHP Stack trace:
[19-Oct-2018 23:47:04 UTC] PHP   1. {main}() /home/ubuntu/workspace/cst336/scart/scart.php:0
[19-Oct-2018 23:47:04 UTC] PHP   2. displayCart() /home/ubuntu/workspace/cst336/scart/scart.php:41
[19-Oct-2018 23:47:07 UTC] PHP Warning:  Illegal string offset 'name' in /home/ubuntu/workspace/cst336/scart/functions.php on line 37
[19-Oct-2018 23:47:07 UTC] PHP Stack trace:
[19-Oct-2018 23:47:07 UTC] PHP   1. {main}() /home/ubuntu/workspace/cst336/scart/scart.php:0
[19-Oct-2018 23:47:07 UTC] PHP   2. displayCart() /home/ubuntu/workspace/cst336/scart/scart.php:41
[19-Oct-2018 23:47:07 UTC] PHP Warning:  Illegal string offset 'price' in /home/ubuntu/workspace/cst336/scart/functions.php on line 38
[19-Oct-2018 23:47:07 UTC] PHP Stack trace:
[19-Oct-2018 23:47:07 UTC] PHP   1. {main}() /home/ubuntu/workspace/cst336/scart/scart.php:0
[19-Oct-2018 23:47:07 UTC] PHP   2. displayCart() /home/ubuntu/workspace/cst336/scart/scart.php:41
[19-Oct-2018 23:47:07 UTC] PHP Warning:  Illegal string offset 'image' in /home/ubuntu/workspace/cst336/scart/functions.php on line 39
[19-Oct-2018 23:47:07 UTC] PHP Stack trace:
[19-Oct-2018 23:47:07 UTC] PHP   1. {main}() /home/ubuntu/workspace/cst336/scart/scart.php:0
[19-Oct-2018 23:47:07 UTC] PHP   2. displayCart() /home/ubuntu/workspace/cst336/scart/scart.php:41
[19-Oct-2018 23:47:07 UTC] PHP Warning:  Illegal string offset 'id' in /home/ubuntu/workspace/cst336/scart/functions.php on line 40
[19-Oct-2018 23:47:07 UTC] PHP Stack trace:
[19-Oct-2018 23:47:07 UTC] PHP   1. {main}() /home/ubuntu/workspace/cst336/scart/scart.php:0
[19-Oct-2018 23:47:07 UTC] PHP   2. displayCart() /home/ubuntu/workspace/cst336/scart/scart.php:41
[19-Oct-2018 23:49:16 UTC] PHP Warning:  Illegal string offset 'name' in /home/ubuntu/workspace/cst336/scart/functions.php on line 37
[19-Oct-2018 23:49:16 UTC] PHP Stack trace:
[19-Oct-2018 23:49:16 UTC] PHP   1. {main}() /home/ubuntu/workspace/cst336/scart/scart.php:0
[19-Oct-2018 23:49:16 UTC] PHP   2. displayCart() /home/ubuntu/workspace/cst336/scart/scart.php:41
[19-Oct-2018 23:49:16 UTC] PHP Warning:  Illegal string offset 'price' in /home/ubuntu/workspace/cst336/scart/functions.php on line 38
[19-Oct-2018 23:49:16 UTC] PHP Stack trace:
[19-Oct-2018 23:49:16 UTC] PHP   1. {main}() /home/ubuntu/workspace/cst336/scart/scart.php:0
[19-Oct-2018 23:49:16 UTC] PHP   2. displayCart() /home/ubuntu/workspace/cst336/scart/scart.php:41
[19-Oct-2018 23:49:16 UTC] PHP Warning:  Illegal string offset 'image' in /home/ubuntu/workspace/cst336/scart/functions.php on line 39
[19-Oct-2018 23:49:16 UTC] PHP Stack trace:
[19-Oct-2018 23:49:16 UTC] PHP   1. {main}() /home/ubuntu/workspace/cst336/scart/scart.php:0
[19-Oct-2018 23:49:16 UTC] PHP   2. displayCart() /home/ubuntu/workspace/cst336/scart/scart.php:41
[19-Oct-2018 23:49:16 UTC] PHP Warning:  Illegal string offset 'id' in /home/ubuntu/workspace/cst336/scart/functions.php on line 40
[19-Oct-2018 23:49:16 UTC] PHP Stack trace:
[19-Oct-2018 23:49:16 UTC] PHP   1. {main}() /home/ubuntu/workspace/cst336/scart/scart.php:0
[19-Oct-2018 23:49:16 UTC] PHP   2. displayCart() /home/ubuntu/workspace/cst336/scart/scart.php:41
[20-Oct-2018 02:04:19 UTC] PHP Warning:  Illegal string offset 'name' in /home/ubuntu/workspace/cst336/scart/functions.php on line 37
[20-Oct-2018 02:04:19 UTC] PHP Stack trace:
[20-Oct-2018 02:04:19 UTC] PHP   1. {main}() /home/ubuntu/workspace/cst336/scart/scart.php:0
[20-Oct-2018 02:04:19 UTC] PHP   2. displayCart() /home/ubuntu/workspace/cst336/scart/scart.php:38
[20-Oct-2018 02:04:19 UTC] PHP Warning:  Illegal string offset 'price' in /home/ubuntu/workspace/cst336/scart/functions.php on line 38
[20-Oct-2018 02:04:19 UTC] PHP Stack trace:
[20-Oct-2018 02:04:19 UTC] PHP   1. {main}() /home/ubuntu/workspace/cst336/scart/scart.php:0
[20-Oct-2018 02:04:19 UTC] PHP   2. displayCart() /home/ubuntu/workspace/cst336/scart/scart.php:38
[20-Oct-2018 02:04:19 UTC] PHP Warning:  Illegal string offset 'image' in /home/ubuntu/workspace/cst336/scart/functions.php on line 39
[20-Oct-2018 02:04:19 UTC] PHP Stack trace:
[20-Oct-2018 02:04:19 UTC] PHP   1. {main}() /home/ubuntu/workspace/cst336/scart/scart.php:0
[20-Oct-2018 02:04:19 UTC] PHP   2. displayCart() /home/ubuntu/workspace/cst336/scart/scart.php:38
[20-Oct-2018 02:04:19 UTC] PHP Warning:  Illegal string offset 'id' in /home/ubuntu/workspace/cst336/scart/functions.php on line 40
[20-Oct-2018 02:04:19 UTC] PHP Stack trace:
[20-Oct-2018 02:04:19 UTC] PHP   1. {main}() /home/ubuntu/workspace/cst336/scart/scart.php:0
[20-Oct-2018 02:04:19 UTC] PHP   2. displayCart() /home/ubuntu/workspace/cst336/scart/scart.php:38
[20-Oct-2018 02:18:24 UTC] PHP Warning:  Illegal string offset 'name' in /home/ubuntu/workspace/cst336/scart/functions.php on line 37
[20-Oct-2018 02:18:24 UTC] PHP Stack trace:
[20-Oct-2018 02:18:24 UTC] PHP   1. {main}() /home/ubuntu/workspace/cst336/scart/scart.php:0
[20-Oct-2018 02:18:24 UTC] PHP   2. displayCart() /home/ubuntu/workspace/cst336/scart/scart.php:38
[20-Oct-2018 02:18:24 UTC] PHP Warning:  Illegal string offset 'price' in /home/ubuntu/workspace/cst336/scart/functions.php on line 38
[20-Oct-2018 02:18:24 UTC] PHP Stack trace:
[20-Oct-2018 02:18:24 UTC] PHP   1. {main}() /home/ubuntu/workspace/cst336/scart/scart.php:0
[20-Oct-2018 02:18:24 UTC] PHP   2. displayCart() /home/ubuntu/workspace/cst336/scart/scart.php:38
[20-Oct-2018 02:18:24 UTC] PHP Warning:  Illegal string offset 'image' in /home/ubuntu/workspace/cst336/scart/functions.php on line 39
[20-Oct-2018 02:18:24 UTC] PHP Stack trace:
[20-Oct-2018 02:18:24 UTC] PHP   1. {main}() /home/ubuntu/workspace/cst336/scart/scart.php:0
[20-Oct-2018 02:18:24 UTC] PHP   2. displayCart() /home/ubuntu/workspace/cst336/scart/scart.php:38
[20-Oct-2018 02:18:24 UTC] PHP Warning:  Illegal string offset 'id' in /home/ubuntu/workspace/cst336/scart/functions.php on line 40
[20-Oct-2018 02:18:24 UTC] PHP Stack trace:
[20-Oct-2018 02:18:24 UTC] PHP   1. {main}() /home/ubuntu/workspace/cst336/scart/scart.php:0
[20-Oct-2018 02:18:24 UTC] PHP   2. displayCart() /home/ubuntu/workspace/cst336/scart/scart.php:38
[20-Oct-2018 02:18:44 UTC] PHP Warning:  Illegal string offset 'name' in /home/ubuntu/workspace/cst336/scart/functions.php on line 37
[20-Oct-2018 02:18:44 UTC] PHP Stack trace:
[20-Oct-2018 02:18:44 UTC] PHP   1. {main}() /home/ubuntu/workspace/cst336/scart/scart.php:0
[20-Oct-2018 02:18:44 UTC] PHP   2. displayCart() /home/ubuntu/workspace/cst336/scart/scart.php:38
[20-Oct-2018 02:18:44 UTC] PHP Warning:  Illegal string offset 'price' in /home/ubuntu/workspace/cst336/scart/functions.php on line 38
[20-Oct-2018 02:18:44 UTC] PHP Stack trace:
[20-Oct-2018 02:18:44 UTC] PHP   1. {main}() /home/ubuntu/workspace/cst336/scart/scart.php:0
[20-Oct-2018 02:18:44 UTC] PHP   2. displayCart() /home/ubuntu/workspace/cst336/scart/scart.php:38
[20-Oct-2018 02:18:44 UTC] PHP Warning:  Illegal string offset 'image' in /home/ubuntu/workspace/cst336/scart/functions.php on line 39
[20-Oct-2018 02:18:44 UTC] PHP Stack trace:
[20-Oct-2018 02:18:44 UTC] PHP   1. {main}() /home/ubuntu/workspace/cst336/scart/scart.php:0
[20-Oct-2018 02:18:44 UTC] PHP   2. displayCart() /home/ubuntu/workspace/cst336/scart/scart.php:38
[20-Oct-2018 02:18:44 UTC] PHP Warning:  Illegal string offset 'id' in /home/ubuntu/workspace/cst336/scart/functions.php on line 40
[20-Oct-2018 02:18:44 UTC] PHP Stack trace:
[20-Oct-2018 02:18:44 UTC] PHP   1. {main}() /home/ubuntu/workspace/cst336/scart/scart.php:0
[20-Oct-2018 02:18:44 UTC] PHP   2. displayCart() /home/ubuntu/workspace/cst336/scart/scart.php:38
[20-Oct-2018 02:21:03 UTC] PHP Warning:  Illegal string offset 'name' in /home/ubuntu/workspace/cst336/scart/functions.php on line 37
[20-Oct-2018 02:21:03 UTC] PHP Stack trace:
[20-Oct-2018 02:21:03 UTC] PHP   1. {main}() /home/ubuntu/workspace/cst336/scart/scart.php:0
[20-Oct-2018 02:21:03 UTC] PHP   2. displayCart() /home/ubuntu/workspace/cst336/scart/scart.php:38
[20-Oct-2018 02:21:03 UTC] PHP Warning:  Illegal string offset 'price' in /home/ubuntu/workspace/cst336/scart/functions.php on line 38
[20-Oct-2018 02:21:03 UTC] PHP Stack trace:
[20-Oct-2018 02:21:03 UTC] PHP   1. {main}() /home/ubuntu/workspace/cst336/scart/scart.php:0
[20-Oct-2018 02:21:03 UTC] PHP   2. displayCart() /home/ubuntu/workspace/cst336/scart/scart.php:38
[20-Oct-2018 02:21:03 UTC] PHP Warning:  Illegal string offset 'image' in /home/ubuntu/workspace/cst336/scart/functions.php on line 39
[20-Oct-2018 02:21:03 UTC] PHP Stack trace:
[20-Oct-2018 02:21:03 UTC] PHP   1. {main}() /home/ubuntu/workspace/cst336/scart/scart.php:0
[20-Oct-2018 02:21:03 UTC] PHP   2. displayCart() /home/ubuntu/workspace/cst336/scart/scart.php:38
[20-Oct-2018 02:21:03 UTC] PHP Warning:  Illegal string offset 'id' in /home/ubuntu/workspace/cst336/scart/functions.php on line 40
[20-Oct-2018 02:21:03 UTC] PHP Stack trace:
[20-Oct-2018 02:21:03 UTC] PHP   1. {main}() /home/ubuntu/workspace/cst336/scart/scart.php:0
[20-Oct-2018 02:21:03 UTC] PHP   2. displayCart() /home/ubuntu/workspace/cst336/scart/scart.php:38
[20-Oct-2018 02:23:27 UTC] PHP Warning:  Illegal string offset 'name' in /home/ubuntu/workspace/cst336/scart/functions.php on line 37
[20-Oct-2018 02:23:27 UTC] PHP Stack trace:
[20-Oct-2018 02:23:27 UTC] PHP   1. {main}() /home/ubuntu/workspace/cst336/scart/scart.php:0
[20-Oct-2018 02:23:27 UTC] PHP   2. displayCart() /home/ubuntu/workspace/cst336/scart/scart.php:38
[20-Oct-2018 02:23:27 UTC] PHP Warning:  Illegal string offset 'price' in /home/ubuntu/workspace/cst336/scart/functions.php on line 38
[20-Oct-2018 02:23:27 UTC] PHP Stack trace:
[20-Oct-2018 02:23:27 UTC] PHP   1. {main}() /home/ubuntu/workspace/cst336/scart/scart.php:0
[20-Oct-2018 02:23:27 UTC] PHP   2. displayCart() /home/ubuntu/workspace/cst336/scart/scart.php:38
[20-Oct-2018 02:23:27 UTC] PHP Warning:  Illegal string offset 'image' in /home/ubuntu/workspace/cst336/scart/functions.php on line 39
[20-Oct-2018 02:23:27 UTC] PHP Stack trace:
[20-Oct-2018 02:23:27 UTC] PHP   1. {main}() /home/ubuntu/workspace/cst336/scart/scart.php:0
[20-Oct-2018 02:23:27 UTC] PHP   2. displayCart() /home/ubuntu/workspace/cst336/scart/scart.php:38
[20-Oct-2018 02:23:27 UTC] PHP Warning:  Illegal string offset 'id' in /home/ubuntu/workspace/cst336/scart/functions.php on line 40
[20-Oct-2018 02:23:27 UTC] PHP Stack trace:
[20-Oct-2018 02:23:27 UTC] PHP   1. {main}() /home/ubuntu/workspace/cst336/scart/scart.php:0
[20-Oct-2018 02:23:27 UTC] PHP   2. displayCart() /home/ubuntu/workspace/cst336/scart/scart.php:38
[20-Oct-2018 02:23:35 UTC] PHP Warning:  Illegal string offset 'name' in /home/ubuntu/workspace/cst336/scart/functions.php on line 37
[20-Oct-2018 02:23:35 UTC] PHP Stack trace:
[20-Oct-2018 02:23:35 UTC] PHP   1. {main}() /home/ubuntu/workspace/cst336/scart/scart.php:0
[20-Oct-2018 02:23:35 UTC] PHP   2. displayCart() /home/ubuntu/workspace/cst336/scart/scart.php:38
[20-Oct-2018 02:23:35 UTC] PHP Warning:  Illegal string offset 'price' in /home/ubuntu/workspace/cst336/scart/functions.php on line 38
[20-Oct-2018 02:23:35 UTC] PHP Stack trace:
[20-Oct-2018 02:23:35 UTC] PHP   1. {main}() /home/ubuntu/workspace/cst336/scart/scart.php:0
[20-Oct-2018 02:23:35 UTC] PHP   2. displayCart() /home/ubuntu/workspace/cst336/scart/scart.php:38
[20-Oct-2018 02:23:35 UTC] PHP Warning:  Illegal string offset 'image' in /home/ubuntu/workspace/cst336/scart/functions.php on line 39
[20-Oct-2018 02:23:35 UTC] PHP Stack trace:
[20-Oct-2018 02:23:35 UTC] PHP   1. {main}() /home/ubuntu/workspace/cst336/scart/scart.php:0
[20-Oct-2018 02:23:35 UTC] PHP   2. displayCart() /home/ubuntu/workspace/cst336/scart/scart.php:38
[20-Oct-2018 02:23:35 UTC] PHP Warning:  Illegal string offset 'id' in /home/ubuntu/workspace/cst336/scart/functions.php on line 40
[20-Oct-2018 02:23:35 UTC] PHP Stack trace:
[20-Oct-2018 02:23:35 UTC] PHP   1. {main}() /home/ubuntu/workspace/cst336/scart/scart.php:0
[20-Oct-2018 02:23:35 UTC] PHP   2. displayCart() /home/ubuntu/workspace/cst336/scart/scart.php:38
