[10-Nov-2018 01:35:45 UTC] PHP Fatal error:  Call to undefined function validate() in /home/ubuntu/workspace/cst336/labs/lab7/index.php on line 27
[10-Nov-2018 01:35:45 UTC] PHP Stack trace:
[10-Nov-2018 01:35:45 UTC] PHP   1. {main}() /home/ubuntu/workspace/cst336/labs/lab7/index.php:0
[10-Nov-2018 01:35:47 UTC] PHP Fatal error:  Call to undefined function validate() in /home/ubuntu/workspace/cst336/labs/lab7/index.php on line 27
[10-Nov-2018 01:35:47 UTC] PHP Stack trace:
[10-Nov-2018 01:35:47 UTC] PHP   1. {main}() /home/ubuntu/workspace/cst336/labs/lab7/index.php:0
[10-Nov-2018 02:20:25 UTC] PHP Fatal error:  Uncaught exception 'PDOException' with message 'SQLSTATE[42000]: Syntax error or access violation: 1064 You have an error in your SQL syntax; check the manual that corresponds to your MySQL server version for the right syntax to use near '' at line 1' in /home/ubuntu/workspace/cst336/labs/lab7/inc/functions.php:55
Stack trace:
#0 /home/ubuntu/workspace/cst336/labs/lab7/inc/functions.php(55): PDOStatement->execute()
#1 /home/ubuntu/workspace/cst336/labs/lab7/updateProduct.php(10): getProductInfo('')
#2 {main}
  thrown in /home/ubuntu/workspace/cst336/labs/lab7/inc/functions.php on line 55
[10-Nov-2018 02:22:31 UTC] PHP Fatal error:  Call to a member function prepare() on a non-object in /home/ubuntu/workspace/cst336/labs/lab7/updateProduct.php on line 30
[10-Nov-2018 02:22:31 UTC] PHP Stack trace:
[10-Nov-2018 02:22:31 UTC] PHP   1. {main}() /home/ubuntu/workspace/cst336/labs/lab7/updateProduct.php:0
[10-Nov-2018 02:22:31 UTC] PHP   2. updateItems() /home/ubuntu/workspace/cst336/labs/lab7/updateProduct.php:79
[10-Nov-2018 02:23:05 UTC] PHP Fatal error:  Call to a member function prepare() on a non-object in /home/ubuntu/workspace/cst336/labs/lab7/updateProduct.php on line 30
[10-Nov-2018 02:23:05 UTC] PHP Stack trace:
[10-Nov-2018 02:23:05 UTC] PHP   1. {main}() /home/ubuntu/workspace/cst336/labs/lab7/updateProduct.php:0
[10-Nov-2018 02:23:05 UTC] PHP   2. updateItems() /home/ubuntu/workspace/cst336/labs/lab7/updateProduct.php:79
[10-Nov-2018 02:24:33 UTC] PHP Fatal error:  Uncaught exception 'PDOException' with message 'SQLSTATE[HY093]: Invalid parameter number: no parameters were bound' in /home/ubuntu/workspace/cst336/labs/lab7/updateProduct.php:32
Stack trace:
#0 /home/ubuntu/workspace/cst336/labs/lab7/updateProduct.php(32): PDOStatement->execute()
#1 /home/ubuntu/workspace/cst336/labs/lab7/updateProduct.php(80): updateItems()
#2 {main}
  thrown in /home/ubuntu/workspace/cst336/labs/lab7/updateProduct.php on line 32
[10-Nov-2018 02:24:35 UTC] PHP Fatal error:  Uncaught exception 'PDOException' with message 'SQLSTATE[HY093]: Invalid parameter number: no parameters were bound' in /home/ubuntu/workspace/cst336/labs/lab7/updateProduct.php:32
Stack trace:
#0 /home/ubuntu/workspace/cst336/labs/lab7/updateProduct.php(32): PDOStatement->execute()
#1 /home/ubuntu/workspace/cst336/labs/lab7/updateProduct.php(80): updateItems()
#2 {main}
  thrown in /home/ubuntu/workspace/cst336/labs/lab7/updateProduct.php on line 32
[11-Dec-2018 03:34:06 UTC] PHP Warning:  include(functions.php): failed to open stream: No such file or directory in /home/ubuntu/workspace/cst336/labs/FinalProject/index.php on line 3
[11-Dec-2018 03:34:06 UTC] PHP Stack trace:
[11-Dec-2018 03:34:06 UTC] PHP   1. {main}() /home/ubuntu/workspace/cst336/labs/FinalProject/index.php:0
[11-Dec-2018 03:34:06 UTC] PHP Warning:  include(): Failed opening 'functions.php' for inclusion (include_path='.:/usr/share/php:/usr/share/pear') in /home/ubuntu/workspace/cst336/labs/FinalProject/index.php on line 3
[11-Dec-2018 03:34:06 UTC] PHP Stack trace:
[11-Dec-2018 03:34:06 UTC] PHP   1. {main}() /home/ubuntu/workspace/cst336/labs/FinalProject/index.php:0
[11-Dec-2018 03:34:06 UTC] PHP Fatal error:  Call to undefined function displayCartCount() in /home/ubuntu/workspace/cst336/labs/FinalProject/index.php on line 60
[11-Dec-2018 03:34:06 UTC] PHP Stack trace:
[11-Dec-2018 03:34:06 UTC] PHP   1. {main}() /home/ubuntu/workspace/cst336/labs/FinalProject/index.php:0
[11-Dec-2018 03:34:29 UTC] PHP Fatal error:  Call to undefined function displayCartCount() in /home/ubuntu/workspace/cst336/labs/FinalProject/index.php on line 51
[11-Dec-2018 03:34:29 UTC] PHP Stack trace:
[11-Dec-2018 03:34:29 UTC] PHP   1. {main}() /home/ubuntu/workspace/cst336/labs/FinalProject/index.php:0
[11-Dec-2018 03:35:00 UTC] PHP Fatal error:  Call to undefined function displayCartCount() in /home/ubuntu/workspace/cst336/labs/FinalProject/index.php on line 26
[11-Dec-2018 03:35:00 UTC] PHP Stack trace:
[11-Dec-2018 03:35:00 UTC] PHP   1. {main}() /home/ubuntu/workspace/cst336/labs/FinalProject/index.php:0
[11-Dec-2018 03:35:18 UTC] PHP Fatal error:  Call to undefined function displayCartCount() in /home/ubuntu/workspace/cst336/labs/FinalProject/index.php on line 26
[11-Dec-2018 03:35:18 UTC] PHP Stack trace:
[11-Dec-2018 03:35:18 UTC] PHP   1. {main}() /home/ubuntu/workspace/cst336/labs/FinalProject/index.php:0
[11-Dec-2018 03:36:47 UTC] PHP Fatal error:  Call to undefined function displayCartCount() in /home/ubuntu/workspace/cst336/labs/FinalProject/index.php on line 26
[11-Dec-2018 03:36:47 UTC] PHP Stack trace:
[11-Dec-2018 03:36:47 UTC] PHP   1. {main}() /home/ubuntu/workspace/cst336/labs/FinalProject/index.php:0
[11-Dec-2018 03:37:14 UTC] PHP Fatal error:  Call to undefined function displayCategories() in /home/ubuntu/workspace/cst336/labs/FinalProject/index.php on line 37
[11-Dec-2018 03:37:14 UTC] PHP Stack trace:
[11-Dec-2018 03:37:14 UTC] PHP   1. {main}() /home/ubuntu/workspace/cst336/labs/FinalProject/index.php:0
[11-Dec-2018 03:38:08 UTC] PHP Fatal error:  Call to undefined function displayCategories() in /home/ubuntu/workspace/cst336/labs/FinalProject/index.php on line 38
[11-Dec-2018 03:38:08 UTC] PHP Stack trace:
[11-Dec-2018 03:38:08 UTC] PHP   1. {main}() /home/ubuntu/workspace/cst336/labs/FinalProject/index.php:0
[11-Dec-2018 03:39:09 UTC] PHP Fatal error:  Call to undefined function displayCategories() in /home/ubuntu/workspace/cst336/labs/FinalProject/index.php on line 38
[11-Dec-2018 03:39:09 UTC] PHP Stack trace:
[11-Dec-2018 03:39:09 UTC] PHP   1. {main}() /home/ubuntu/workspace/cst336/labs/FinalProject/index.php:0
[11-Dec-2018 03:41:20 UTC] PHP Fatal error:  Call to undefined function displayCategories() in /home/ubuntu/workspace/cst336/labs/FinalProject/index.php on line 38
[11-Dec-2018 03:41:20 UTC] PHP Stack trace:
[11-Dec-2018 03:41:20 UTC] PHP   1. {main}() /home/ubuntu/workspace/cst336/labs/FinalProject/index.php:0
[11-Dec-2018 03:42:00 UTC] PHP Warning:  include(dbConnectionFS.php): failed to open stream: No such file or directory in /home/ubuntu/workspace/cst336/labs/FinalProject/functions.php on line 2
[11-Dec-2018 03:42:00 UTC] PHP Stack trace:
[11-Dec-2018 03:42:00 UTC] PHP   1. {main}() /home/ubuntu/workspace/cst336/labs/FinalProject/index.php:0
[11-Dec-2018 03:42:00 UTC] PHP   2. include() /home/ubuntu/workspace/cst336/labs/FinalProject/index.php:2
[11-Dec-2018 03:42:00 UTC] PHP Warning:  include(): Failed opening 'dbConnectionFS.php' for inclusion (include_path='.:/usr/share/php:/usr/share/pear') in /home/ubuntu/workspace/cst336/labs/FinalProject/functions.php on line 2
[11-Dec-2018 03:42:00 UTC] PHP Stack trace:
[11-Dec-2018 03:42:00 UTC] PHP   1. {main}() /home/ubuntu/workspace/cst336/labs/FinalProject/index.php:0
[11-Dec-2018 03:42:00 UTC] PHP   2. include() /home/ubuntu/workspace/cst336/labs/FinalProject/index.php:2
[11-Dec-2018 03:42:00 UTC] PHP Fatal error:  Call to undefined function startConnection() in /home/ubuntu/workspace/cst336/labs/FinalProject/functions.php on line 3
[11-Dec-2018 03:42:00 UTC] PHP Stack trace:
[11-Dec-2018 03:42:00 UTC] PHP   1. {main}() /home/ubuntu/workspace/cst336/labs/FinalProject/index.php:0
[11-Dec-2018 03:42:00 UTC] PHP   2. include() /home/ubuntu/workspace/cst336/labs/FinalProject/index.php:2
[11-Dec-2018 04:24:48 UTC] PHP Fatal error:  Cannot redeclare startConnection() (previously declared in /home/ubuntu/workspace/cst336/labs/FinalProject/dbConnectionFifa.php:3) in /home/ubuntu/workspace/cst336/labs/FinalProject/dbConnectionFifa.php on line 3
[11-Dec-2018 04:24:48 UTC] PHP Stack trace:
[11-Dec-2018 04:24:48 UTC] PHP   1. {main}() /home/ubuntu/workspace/cst336/labs/FinalProject/admin.php:0
[11-Dec-2018 04:24:48 UTC] PHP   2. include() /home/ubuntu/workspace/cst336/labs/FinalProject/admin.php:9
[11-Dec-2018 04:25:27 UTC] PHP Fatal error:  Cannot redeclare startConnection() (previously declared in /home/ubuntu/workspace/cst336/labs/FinalProject/dbConnectionFifa.php:3) in /home/ubuntu/workspace/cst336/labs/FinalProject/dbConnectionFifa.php on line 3
[11-Dec-2018 04:25:27 UTC] PHP Stack trace:
[11-Dec-2018 04:25:27 UTC] PHP   1. {main}() /home/ubuntu/workspace/cst336/labs/FinalProject/admin.php:0
[11-Dec-2018 04:25:27 UTC] PHP   2. include() /home/ubuntu/workspace/cst336/labs/FinalProject/admin.php:9
[11-Dec-2018 04:25:29 UTC] PHP Fatal error:  Cannot redeclare startConnection() (previously declared in /home/ubuntu/workspace/cst336/labs/FinalProject/dbConnectionFifa.php:3) in /home/ubuntu/workspace/cst336/labs/FinalProject/dbConnectionFifa.php on line 3
[11-Dec-2018 04:25:29 UTC] PHP Stack trace:
[11-Dec-2018 04:25:29 UTC] PHP   1. {main}() /home/ubuntu/workspace/cst336/labs/FinalProject/admin.php:0
[11-Dec-2018 04:25:29 UTC] PHP   2. include() /home/ubuntu/workspace/cst336/labs/FinalProject/admin.php:9
[11-Dec-2018 04:25:30 UTC] PHP Fatal error:  Cannot redeclare startConnection() (previously declared in /home/ubuntu/workspace/cst336/labs/FinalProject/dbConnectionFifa.php:3) in /home/ubuntu/workspace/cst336/labs/FinalProject/dbConnectionFifa.php on line 3
[11-Dec-2018 04:25:30 UTC] PHP Stack trace:
[11-Dec-2018 04:25:30 UTC] PHP   1. {main}() /home/ubuntu/workspace/cst336/labs/FinalProject/admin.php:0
[11-Dec-2018 04:25:30 UTC] PHP   2. include() /home/ubuntu/workspace/cst336/labs/FinalProject/admin.php:9
[11-Dec-2018 04:26:20 UTC] PHP Fatal error:  Call to a member function prepare() on a non-object in /home/ubuntu/workspace/cst336/labs/FinalProject/loginProcess.php on line 19
[11-Dec-2018 04:26:20 UTC] PHP Stack trace:
[11-Dec-2018 04:26:20 UTC] PHP   1. {main}() /home/ubuntu/workspace/cst336/labs/FinalProject/login.php:0
[11-Dec-2018 04:26:20 UTC] PHP   2. login() /home/ubuntu/workspace/cst336/labs/FinalProject/login.php:27
[11-Dec-2018 04:27:20 UTC] PHP Fatal error:  Call to a member function prepare() on a non-object in /home/ubuntu/workspace/cst336/labs/FinalProject/loginProcess.php on line 19
[11-Dec-2018 04:27:20 UTC] PHP Stack trace:
[11-Dec-2018 04:27:20 UTC] PHP   1. {main}() /home/ubuntu/workspace/cst336/labs/FinalProject/login.php:0
[11-Dec-2018 04:27:20 UTC] PHP   2. login() /home/ubuntu/workspace/cst336/labs/FinalProject/login.php:27
[11-Dec-2018 04:27:26 UTC] PHP Fatal error:  Call to a member function prepare() on a non-object in /home/ubuntu/workspace/cst336/labs/FinalProject/loginProcess.php on line 19
[11-Dec-2018 04:27:26 UTC] PHP Stack trace:
[11-Dec-2018 04:27:26 UTC] PHP   1. {main}() /home/ubuntu/workspace/cst336/labs/FinalProject/login.php:0
[11-Dec-2018 04:27:26 UTC] PHP   2. login() /home/ubuntu/workspace/cst336/labs/FinalProject/login.php:27
[11-Dec-2018 04:30:00 UTC] PHP Fatal error:  Call to a member function prepare() on a non-object in /home/ubuntu/workspace/cst336/labs/FinalProject/loginProcess.php on line 19
[11-Dec-2018 04:30:00 UTC] PHP Stack trace:
[11-Dec-2018 04:30:00 UTC] PHP   1. {main}() /home/ubuntu/workspace/cst336/labs/FinalProject/login.php:0
[11-Dec-2018 04:30:00 UTC] PHP   2. login() /home/ubuntu/workspace/cst336/labs/FinalProject/login.php:27
[11-Dec-2018 04:30:24 UTC] PHP Fatal error:  Call to a member function prepare() on a non-object in /home/ubuntu/workspace/cst336/labs/FinalProject/loginProcess.php on line 19
[11-Dec-2018 04:30:24 UTC] PHP Stack trace:
[11-Dec-2018 04:30:24 UTC] PHP   1. {main}() /home/ubuntu/workspace/cst336/labs/FinalProject/login.php:0
[11-Dec-2018 04:30:24 UTC] PHP   2. login() /home/ubuntu/workspace/cst336/labs/FinalProject/login.php:28
[11-Dec-2018 04:30:30 UTC] PHP Fatal error:  Call to a member function prepare() on a non-object in /home/ubuntu/workspace/cst336/labs/FinalProject/loginProcess.php on line 19
[11-Dec-2018 04:30:30 UTC] PHP Stack trace:
[11-Dec-2018 04:30:30 UTC] PHP   1. {main}() /home/ubuntu/workspace/cst336/labs/FinalProject/login.php:0
[11-Dec-2018 04:30:30 UTC] PHP   2. login() /home/ubuntu/workspace/cst336/labs/FinalProject/login.php:28
[11-Dec-2018 04:30:32 UTC] PHP Fatal error:  Call to a member function prepare() on a non-object in /home/ubuntu/workspace/cst336/labs/FinalProject/loginProcess.php on line 19
[11-Dec-2018 04:30:32 UTC] PHP Stack trace:
[11-Dec-2018 04:30:32 UTC] PHP   1. {main}() /home/ubuntu/workspace/cst336/labs/FinalProject/login.php:0
[11-Dec-2018 04:30:32 UTC] PHP   2. login() /home/ubuntu/workspace/cst336/labs/FinalProject/login.php:28
[11-Dec-2018 04:30:33 UTC] PHP Fatal error:  Call to a member function prepare() on a non-object in /home/ubuntu/workspace/cst336/labs/FinalProject/loginProcess.php on line 19
[11-Dec-2018 04:30:33 UTC] PHP Stack trace:
[11-Dec-2018 04:30:33 UTC] PHP   1. {main}() /home/ubuntu/workspace/cst336/labs/FinalProject/login.php:0
[11-Dec-2018 04:30:33 UTC] PHP   2. login() /home/ubuntu/workspace/cst336/labs/FinalProject/login.php:28
[11-Dec-2018 04:30:34 UTC] PHP Fatal error:  Call to a member function prepare() on a non-object in /home/ubuntu/workspace/cst336/labs/FinalProject/loginProcess.php on line 19
[11-Dec-2018 04:30:34 UTC] PHP Stack trace:
[11-Dec-2018 04:30:34 UTC] PHP   1. {main}() /home/ubuntu/workspace/cst336/labs/FinalProject/login.php:0
[11-Dec-2018 04:30:34 UTC] PHP   2. login() /home/ubuntu/workspace/cst336/labs/FinalProject/login.php:28
[11-Dec-2018 04:30:34 UTC] PHP Fatal error:  Call to a member function prepare() on a non-object in /home/ubuntu/workspace/cst336/labs/FinalProject/loginProcess.php on line 19
[11-Dec-2018 04:30:34 UTC] PHP Stack trace:
[11-Dec-2018 04:30:34 UTC] PHP   1. {main}() /home/ubuntu/workspace/cst336/labs/FinalProject/login.php:0
[11-Dec-2018 04:30:34 UTC] PHP   2. login() /home/ubuntu/workspace/cst336/labs/FinalProject/login.php:28
[11-Dec-2018 04:30:35 UTC] PHP Fatal error:  Call to a member function prepare() on a non-object in /home/ubuntu/workspace/cst336/labs/FinalProject/loginProcess.php on line 19
[11-Dec-2018 04:30:35 UTC] PHP Stack trace:
[11-Dec-2018 04:30:35 UTC] PHP   1. {main}() /home/ubuntu/workspace/cst336/labs/FinalProject/login.php:0
[11-Dec-2018 04:30:35 UTC] PHP   2. login() /home/ubuntu/workspace/cst336/labs/FinalProject/login.php:28
[11-Dec-2018 04:30:35 UTC] PHP Fatal error:  Call to a member function prepare() on a non-object in /home/ubuntu/workspace/cst336/labs/FinalProject/loginProcess.php on line 19
[11-Dec-2018 04:30:35 UTC] PHP Stack trace:
[11-Dec-2018 04:30:35 UTC] PHP   1. {main}() /home/ubuntu/workspace/cst336/labs/FinalProject/login.php:0
[11-Dec-2018 04:30:35 UTC] PHP   2. login() /home/ubuntu/workspace/cst336/labs/FinalProject/login.php:28
[11-Dec-2018 04:30:36 UTC] PHP Fatal error:  Call to a member function prepare() on a non-object in /home/ubuntu/workspace/cst336/labs/FinalProject/loginProcess.php on line 19
[11-Dec-2018 04:30:36 UTC] PHP Stack trace:
[11-Dec-2018 04:30:36 UTC] PHP   1. {main}() /home/ubuntu/workspace/cst336/labs/FinalProject/login.php:0
[11-Dec-2018 04:30:36 UTC] PHP   2. login() /home/ubuntu/workspace/cst336/labs/FinalProject/login.php:28
[11-Dec-2018 04:30:36 UTC] PHP Fatal error:  Call to a member function prepare() on a non-object in /home/ubuntu/workspace/cst336/labs/FinalProject/loginProcess.php on line 19
[11-Dec-2018 04:30:36 UTC] PHP Stack trace:
[11-Dec-2018 04:30:36 UTC] PHP   1. {main}() /home/ubuntu/workspace/cst336/labs/FinalProject/login.php:0
[11-Dec-2018 04:30:36 UTC] PHP   2. login() /home/ubuntu/workspace/cst336/labs/FinalProject/login.php:28
[11-Dec-2018 04:30:37 UTC] PHP Fatal error:  Call to a member function prepare() on a non-object in /home/ubuntu/workspace/cst336/labs/FinalProject/loginProcess.php on line 19
[11-Dec-2018 04:30:37 UTC] PHP Stack trace:
[11-Dec-2018 04:30:37 UTC] PHP   1. {main}() /home/ubuntu/workspace/cst336/labs/FinalProject/login.php:0
[11-Dec-2018 04:30:37 UTC] PHP   2. login() /home/ubuntu/workspace/cst336/labs/FinalProject/login.php:28
[11-Dec-2018 04:30:38 UTC] PHP Fatal error:  Call to a member function prepare() on a non-object in /home/ubuntu/workspace/cst336/labs/FinalProject/loginProcess.php on line 19
[11-Dec-2018 04:30:38 UTC] PHP Stack trace:
[11-Dec-2018 04:30:38 UTC] PHP   1. {main}() /home/ubuntu/workspace/cst336/labs/FinalProject/login.php:0
[11-Dec-2018 04:30:38 UTC] PHP   2. login() /home/ubuntu/workspace/cst336/labs/FinalProject/login.php:28
[11-Dec-2018 04:30:40 UTC] PHP Fatal error:  Call to a member function prepare() on a non-object in /home/ubuntu/workspace/cst336/labs/FinalProject/loginProcess.php on line 19
[11-Dec-2018 04:30:40 UTC] PHP Stack trace:
[11-Dec-2018 04:30:40 UTC] PHP   1. {main}() /home/ubuntu/workspace/cst336/labs/FinalProject/login.php:0
[11-Dec-2018 04:30:40 UTC] PHP   2. login() /home/ubuntu/workspace/cst336/labs/FinalProject/login.php:28
[11-Dec-2018 04:31:14 UTC] PHP Fatal error:  Cannot redeclare startConnection() (previously declared in /home/ubuntu/workspace/cst336/labs/FinalProject/dbConnectionFifa.php:3) in /home/ubuntu/workspace/cst336/labs/FinalProject/dbConnectionFifa.php on line 3
[11-Dec-2018 04:31:14 UTC] PHP Stack trace:
[11-Dec-2018 04:31:14 UTC] PHP   1. {main}() /home/ubuntu/workspace/cst336/labs/FinalProject/login.php:0
[11-Dec-2018 04:31:25 UTC] PHP Fatal error:  Call to a member function prepare() on a non-object in /home/ubuntu/workspace/cst336/labs/FinalProject/loginProcess.php on line 19
[11-Dec-2018 04:31:25 UTC] PHP Stack trace:
[11-Dec-2018 04:31:25 UTC] PHP   1. {main}() /home/ubuntu/workspace/cst336/labs/FinalProject/login.php:0
[11-Dec-2018 04:31:25 UTC] PHP   2. login() /home/ubuntu/workspace/cst336/labs/FinalProject/login.php:28
[11-Dec-2018 04:31:27 UTC] PHP Fatal error:  Call to a member function prepare() on a non-object in /home/ubuntu/workspace/cst336/labs/FinalProject/loginProcess.php on line 19
[11-Dec-2018 04:31:27 UTC] PHP Stack trace:
[11-Dec-2018 04:31:27 UTC] PHP   1. {main}() /home/ubuntu/workspace/cst336/labs/FinalProject/login.php:0
[11-Dec-2018 04:31:27 UTC] PHP   2. login() /home/ubuntu/workspace/cst336/labs/FinalProject/login.php:28
[11-Dec-2018 04:33:10 UTC] PHP Fatal error:  Call to a member function prepare() on a non-object in /home/ubuntu/workspace/cst336/labs/FinalProject/loginProcess.php on line 19
[11-Dec-2018 04:33:10 UTC] PHP Stack trace:
[11-Dec-2018 04:33:10 UTC] PHP   1. {main}() /home/ubuntu/workspace/cst336/labs/FinalProject/login.php:0
[11-Dec-2018 04:33:10 UTC] PHP   2. login() /home/ubuntu/workspace/cst336/labs/FinalProject/login.php:28
[11-Dec-2018 04:33:12 UTC] PHP Fatal error:  Call to a member function prepare() on a non-object in /home/ubuntu/workspace/cst336/labs/FinalProject/loginProcess.php on line 19
[11-Dec-2018 04:33:12 UTC] PHP Stack trace:
[11-Dec-2018 04:33:12 UTC] PHP   1. {main}() /home/ubuntu/workspace/cst336/labs/FinalProject/login.php:0
[11-Dec-2018 04:33:12 UTC] PHP   2. login() /home/ubuntu/workspace/cst336/labs/FinalProject/login.php:28
[11-Dec-2018 04:35:10 UTC] PHP Fatal error:  Call to a member function prepare() on a non-object in /home/ubuntu/workspace/cst336/labs/FinalProject/loginProcess.php on line 20
[11-Dec-2018 04:35:10 UTC] PHP Stack trace:
[11-Dec-2018 04:35:10 UTC] PHP   1. {main}() /home/ubuntu/workspace/cst336/labs/FinalProject/login.php:0
[11-Dec-2018 04:35:10 UTC] PHP   2. login() /home/ubuntu/workspace/cst336/labs/FinalProject/login.php:28
[11-Dec-2018 04:35:26 UTC] PHP Fatal error:  Call to a member function prepare() on a non-object in /home/ubuntu/workspace/cst336/labs/FinalProject/loginProcess.php on line 20
[11-Dec-2018 04:35:26 UTC] PHP Stack trace:
[11-Dec-2018 04:35:26 UTC] PHP   1. {main}() /home/ubuntu/workspace/cst336/labs/FinalProject/login.php:0
[11-Dec-2018 04:35:26 UTC] PHP   2. login() /home/ubuntu/workspace/cst336/labs/FinalProject/login.php:28
[11-Dec-2018 04:35:27 UTC] PHP Fatal error:  Call to a member function prepare() on a non-object in /home/ubuntu/workspace/cst336/labs/FinalProject/loginProcess.php on line 20
[11-Dec-2018 04:35:27 UTC] PHP Stack trace:
[11-Dec-2018 04:35:27 UTC] PHP   1. {main}() /home/ubuntu/workspace/cst336/labs/FinalProject/login.php:0
[11-Dec-2018 04:35:27 UTC] PHP   2. login() /home/ubuntu/workspace/cst336/labs/FinalProject/login.php:28
[11-Dec-2018 04:35:27 UTC] PHP Fatal error:  Call to a member function prepare() on a non-object in /home/ubuntu/workspace/cst336/labs/FinalProject/loginProcess.php on line 20
[11-Dec-2018 04:35:27 UTC] PHP Stack trace:
[11-Dec-2018 04:35:27 UTC] PHP   1. {main}() /home/ubuntu/workspace/cst336/labs/FinalProject/login.php:0
[11-Dec-2018 04:35:27 UTC] PHP   2. login() /home/ubuntu/workspace/cst336/labs/FinalProject/login.php:28
[11-Dec-2018 04:35:27 UTC] PHP Fatal error:  Call to a member function prepare() on a non-object in /home/ubuntu/workspace/cst336/labs/FinalProject/loginProcess.php on line 20
[11-Dec-2018 04:35:27 UTC] PHP Stack trace:
[11-Dec-2018 04:35:27 UTC] PHP   1. {main}() /home/ubuntu/workspace/cst336/labs/FinalProject/login.php:0
[11-Dec-2018 04:35:27 UTC] PHP   2. login() /home/ubuntu/workspace/cst336/labs/FinalProject/login.php:28
[11-Dec-2018 04:35:27 UTC] PHP Fatal error:  Call to a member function prepare() on a non-object in /home/ubuntu/workspace/cst336/labs/FinalProject/loginProcess.php on line 20
[11-Dec-2018 04:35:27 UTC] PHP Stack trace:
[11-Dec-2018 04:35:27 UTC] PHP   1. {main}() /home/ubuntu/workspace/cst336/labs/FinalProject/login.php:0
[11-Dec-2018 04:35:27 UTC] PHP   2. login() /home/ubuntu/workspace/cst336/labs/FinalProject/login.php:28
[11-Dec-2018 04:37:13 UTC] PHP Fatal error:  Call to a member function prepare() on a non-object in /home/ubuntu/workspace/cst336/labs/FinalProject/loginProcess.php on line 20
[11-Dec-2018 04:37:13 UTC] PHP Stack trace:
[11-Dec-2018 04:37:13 UTC] PHP   1. {main}() /home/ubuntu/workspace/cst336/labs/FinalProject/login.php:0
[11-Dec-2018 04:37:13 UTC] PHP   2. login() /home/ubuntu/workspace/cst336/labs/FinalProject/login.php:28
[11-Dec-2018 04:38:04 UTC] PHP Fatal error:  Cannot redeclare startConnection() (previously declared in /home/ubuntu/workspace/cst336/labs/FinalProject/dbConnectionFifa.php:3) in /home/ubuntu/workspace/cst336/labs/FinalProject/dbConnectionFifa.php on line 3
[11-Dec-2018 04:38:04 UTC] PHP Stack trace:
[11-Dec-2018 04:38:04 UTC] PHP   1. {main}() /home/ubuntu/workspace/cst336/labs/FinalProject/login.php:0
[11-Dec-2018 04:38:04 UTC] PHP   2. include() /home/ubuntu/workspace/cst336/labs/FinalProject/login.php:3
[11-Dec-2018 04:40:31 UTC] PHP Fatal error:  Cannot redeclare startConnection() (previously declared in /home/ubuntu/workspace/cst336/labs/FinalProject/dbConnectionFifa.php:3) in /home/ubuntu/workspace/cst336/labs/FinalProject/dbConnectionFifa.php on line 3
[11-Dec-2018 04:40:31 UTC] PHP Stack trace:
[11-Dec-2018 04:40:31 UTC] PHP   1. {main}() /home/ubuntu/workspace/cst336/labs/FinalProject/login.php:0
[11-Dec-2018 04:40:31 UTC] PHP   2. include() /home/ubuntu/workspace/cst336/labs/FinalProject/login.php:3
[11-Dec-2018 04:40:44 UTC] PHP Fatal error:  Call to undefined function login() in /home/ubuntu/workspace/cst336/labs/FinalProject/login.php on line 28
[11-Dec-2018 04:40:44 UTC] PHP Stack trace:
[11-Dec-2018 04:40:44 UTC] PHP   1. {main}() /home/ubuntu/workspace/cst336/labs/FinalProject/login.php:0
[11-Dec-2018 04:42:23 UTC] PHP Fatal error:  Call to a member function prepare() on a non-object in /home/ubuntu/workspace/cst336/labs/FinalProject/login.php on line 22
[11-Dec-2018 04:42:23 UTC] PHP Stack trace:
[11-Dec-2018 04:42:23 UTC] PHP   1. {main}() /home/ubuntu/workspace/cst336/labs/FinalProject/login.php:0
[11-Dec-2018 04:42:23 UTC] PHP   2. login() /home/ubuntu/workspace/cst336/labs/FinalProject/login.php:61
[11-Dec-2018 04:55:46 UTC] PHP Warning:  include(loginProcess.php): failed to open stream: No such file or directory in /home/ubuntu/workspace/cst336/labs/FinalProject/login.php on line 2
[11-Dec-2018 04:55:46 UTC] PHP Stack trace:
[11-Dec-2018 04:55:46 UTC] PHP   1. {main}() /home/ubuntu/workspace/cst336/labs/FinalProject/login.php:0
[11-Dec-2018 04:55:46 UTC] PHP Warning:  include(): Failed opening 'loginProcess.php' for inclusion (include_path='.:/usr/share/php:/usr/share/pear') in /home/ubuntu/workspace/cst336/labs/FinalProject/login.php on line 2
[11-Dec-2018 04:55:46 UTC] PHP Stack trace:
[11-Dec-2018 04:55:46 UTC] PHP   1. {main}() /home/ubuntu/workspace/cst336/labs/FinalProject/login.php:0
[11-Dec-2018 04:56:55 UTC] PHP Fatal error:  Call to a member function prepare() on a non-object in /home/ubuntu/workspace/cst336/labs/FinalProject/login.php on line 19
[11-Dec-2018 04:56:55 UTC] PHP Stack trace:
[11-Dec-2018 04:56:55 UTC] PHP   1. {main}() /home/ubuntu/workspace/cst336/labs/FinalProject/login.php:0
[11-Dec-2018 04:56:55 UTC] PHP   2. login() /home/ubuntu/workspace/cst336/labs/FinalProject/login.php:57
[11-Dec-2018 05:22:57 UTC] PHP Fatal error:  Cannot redeclare startConnection() (previously declared in /home/ubuntu/workspace/cst336/labs/FinalProject/dbConnectionFifa.php:3) in /home/ubuntu/workspace/cst336/labs/FinalProject/dbConnectionFifa.php on line 3
[11-Dec-2018 05:22:57 UTC] PHP Stack trace:
[11-Dec-2018 05:22:57 UTC] PHP   1. {main}() /home/ubuntu/workspace/cst336/labs/FinalProject/addProduct.php:0
[11-Dec-2018 05:22:57 UTC] PHP   2. include() /home/ubuntu/workspace/cst336/labs/FinalProject/addProduct.php:6
[11-Dec-2018 05:24:19 UTC] PHP Fatal error:  Uncaught exception 'PDOException' with message 'SQLSTATE[HY093]: Invalid parameter number: number of bound variables does not match number of tokens' in /home/ubuntu/workspace/cst336/labs/FinalProject/addProduct.php:27
Stack trace:
#0 /home/ubuntu/workspace/cst336/labs/FinalProject/addProduct.php(27): PDOStatement->execute(Array)
#1 {main}
  thrown in /home/ubuntu/workspace/cst336/labs/FinalProject/addProduct.php on line 27
[11-Dec-2018 05:32:17 UTC] PHP Fatal error:  Uncaught exception 'PDOException' with message 'SQLSTATE[HY093]: Invalid parameter number: number of bound variables does not match number of tokens' in /home/ubuntu/workspace/cst336/labs/FinalProject/addProduct.php:27
Stack trace:
#0 /home/ubuntu/workspace/cst336/labs/FinalProject/addProduct.php(27): PDOStatement->execute(Array)
#1 {main}
  thrown in /home/ubuntu/workspace/cst336/labs/FinalProject/addProduct.php on line 27
[11-Dec-2018 05:32:50 UTC] PHP Fatal error:  Uncaught exception 'PDOException' with message 'SQLSTATE[23000]: Integrity constraint violation: 1062 Duplicate entry '1' for key 'PRIMARY'' in /home/ubuntu/workspace/cst336/labs/FinalProject/addProduct.php:26
Stack trace:
#0 /home/ubuntu/workspace/cst336/labs/FinalProject/addProduct.php(26): PDOStatement->execute(Array)
#1 {main}
  thrown in /home/ubuntu/workspace/cst336/labs/FinalProject/addProduct.php on line 26
[11-Dec-2018 05:34:38 UTC] PHP Fatal error:  Uncaught exception 'PDOException' with message 'SQLSTATE[23000]: Integrity constraint violation: 1062 Duplicate entry '1' for key 'PRIMARY'' in /home/ubuntu/workspace/cst336/labs/FinalProject/addProduct.php:26
Stack trace:
#0 /home/ubuntu/workspace/cst336/labs/FinalProject/addProduct.php(26): PDOStatement->execute(Array)
#1 {main}
  thrown in /home/ubuntu/workspace/cst336/labs/FinalProject/addProduct.php on line 26
[11-Dec-2018 05:37:16 UTC] PHP Fatal error:  Uncaught exception 'PDOException' with message 'SQLSTATE[23000]: Integrity constraint violation: 1062 Duplicate entry '1' for key 'PRIMARY'' in /home/ubuntu/workspace/cst336/labs/FinalProject/addProduct.php:26
Stack trace:
#0 /home/ubuntu/workspace/cst336/labs/FinalProject/addProduct.php(26): PDOStatement->execute(Array)
#1 {main}
  thrown in /home/ubuntu/workspace/cst336/labs/FinalProject/addProduct.php on line 26
[11-Dec-2018 05:47:46 UTC] PHP Fatal error:  Uncaught exception 'PDOException' with message 'SQLSTATE[23000]: Integrity constraint violation: 1048 Column 'playerName' cannot be null' in /home/ubuntu/workspace/cst336/labs/FinalProject/addProduct.php:26
Stack trace:
#0 /home/ubuntu/workspace/cst336/labs/FinalProject/addProduct.php(26): PDOStatement->execute(Array)
#1 {main}
  thrown in /home/ubuntu/workspace/cst336/labs/FinalProject/addProduct.php on line 26
[11-Dec-2018 05:48:12 UTC] PHP Fatal error:  Uncaught exception 'PDOException' with message 'SQLSTATE[23000]: Integrity constraint violation: 1048 Column 'playerName' cannot be null' in /home/ubuntu/workspace/cst336/labs/FinalProject/addProduct.php:26
Stack trace:
#0 /home/ubuntu/workspace/cst336/labs/FinalProject/addProduct.php(26): PDOStatement->execute(Array)
#1 {main}
  thrown in /home/ubuntu/workspace/cst336/labs/FinalProject/addProduct.php on line 26
[11-Dec-2018 05:48:27 UTC] PHP Fatal error:  Uncaught exception 'PDOException' with message 'SQLSTATE[23000]: Integrity constraint violation: 1048 Column 'nationId' cannot be null' in /home/ubuntu/workspace/cst336/labs/FinalProject/addProduct.php:26
Stack trace:
#0 /home/ubuntu/workspace/cst336/labs/FinalProject/addProduct.php(26): PDOStatement->execute(Array)
#1 {main}
  thrown in /home/ubuntu/workspace/cst336/labs/FinalProject/addProduct.php on line 26
[11-Dec-2018 05:49:10 UTC] PHP Fatal error:  Cannot redeclare startConnection() (previously declared in /home/ubuntu/workspace/cst336/labs/FinalProject/dbConnectionFifa.php:3) in /home/ubuntu/workspace/cst336/labs/FinalProject/dbConnectionFifa.php on line 3
[11-Dec-2018 05:49:10 UTC] PHP Stack trace:
[11-Dec-2018 05:49:10 UTC] PHP   1. {main}() /home/ubuntu/workspace/cst336/labs/FinalProject/deleteProduct.php:0
[11-Dec-2018 05:49:10 UTC] PHP   2. include() /home/ubuntu/workspace/cst336/labs/FinalProject/deleteProduct.php:6
[11-Dec-2018 05:52:22 UTC] PHP Fatal error:  Uncaught exception 'PDOException' with message 'SQLSTATE[42000]: Syntax error or access violation: 1064 You have an error in your SQL syntax; check the manual that corresponds to your MySQL server version for the right syntax to use near '' at line 1' in /home/ubuntu/workspace/cst336/labs/FinalProject/deleteProduct.php:11
Stack trace:
#0 /home/ubuntu/workspace/cst336/labs/FinalProject/deleteProduct.php(11): PDOStatement->execute()
#1 {main}
  thrown in /home/ubuntu/workspace/cst336/labs/FinalProject/deleteProduct.php on line 11
[11-Dec-2018 05:52:34 UTC] PHP Fatal error:  Uncaught exception 'PDOException' with message 'SQLSTATE[42000]: Syntax error or access violation: 1064 You have an error in your SQL syntax; check the manual that corresponds to your MySQL server version for the right syntax to use near '' at line 1' in /home/ubuntu/workspace/cst336/labs/FinalProject/deleteProduct.php:11
Stack trace:
#0 /home/ubuntu/workspace/cst336/labs/FinalProject/deleteProduct.php(11): PDOStatement->execute()
#1 {main}
  thrown in /home/ubuntu/workspace/cst336/labs/FinalProject/deleteProduct.php on line 11
[11-Dec-2018 05:53:29 UTC] PHP Fatal error:  Uncaught exception 'PDOException' with message 'SQLSTATE[42000]: Syntax error or access violation: 1064 You have an error in your SQL syntax; check the manual that corresponds to your MySQL server version for the right syntax to use near '' at line 1' in /home/ubuntu/workspace/cst336/labs/FinalProject/deleteProduct.php:11
Stack trace:
#0 /home/ubuntu/workspace/cst336/labs/FinalProject/deleteProduct.php(11): PDOStatement->execute()
#1 {main}
  thrown in /home/ubuntu/workspace/cst336/labs/FinalProject/deleteProduct.php on line 11
[11-Dec-2018 05:53:32 UTC] PHP Fatal error:  Uncaught exception 'PDOException' with message 'SQLSTATE[42000]: Syntax error or access violation: 1064 You have an error in your SQL syntax; check the manual that corresponds to your MySQL server version for the right syntax to use near '' at line 1' in /home/ubuntu/workspace/cst336/labs/FinalProject/deleteProduct.php:11
Stack trace:
#0 /home/ubuntu/workspace/cst336/labs/FinalProject/deleteProduct.php(11): PDOStatement->execute()
#1 {main}
  thrown in /home/ubuntu/workspace/cst336/labs/FinalProject/deleteProduct.php on line 11
[11-Dec-2018 05:53:32 UTC] PHP Fatal error:  Uncaught exception 'PDOException' with message 'SQLSTATE[42000]: Syntax error or access violation: 1064 You have an error in your SQL syntax; check the manual that corresponds to your MySQL server version for the right syntax to use near '' at line 1' in /home/ubuntu/workspace/cst336/labs/FinalProject/deleteProduct.php:11
Stack trace:
#0 /home/ubuntu/workspace/cst336/labs/FinalProject/deleteProduct.php(11): PDOStatement->execute()
#1 {main}
  thrown in /home/ubuntu/workspace/cst336/labs/FinalProject/deleteProduct.php on line 11
[11-Dec-2018 05:53:33 UTC] PHP Fatal error:  Uncaught exception 'PDOException' with message 'SQLSTATE[42000]: Syntax error or access violation: 1064 You have an error in your SQL syntax; check the manual that corresponds to your MySQL server version for the right syntax to use near '' at line 1' in /home/ubuntu/workspace/cst336/labs/FinalProject/deleteProduct.php:11
Stack trace:
#0 /home/ubuntu/workspace/cst336/labs/FinalProject/deleteProduct.php(11): PDOStatement->execute()
#1 {main}
  thrown in /home/ubuntu/workspace/cst336/labs/FinalProject/deleteProduct.php on line 11
[11-Dec-2018 05:53:46 UTC] PHP Fatal error:  Uncaught exception 'PDOException' with message 'SQLSTATE[42000]: Syntax error or access violation: 1064 You have an error in your SQL syntax; check the manual that corresponds to your MySQL server version for the right syntax to use near '' at line 1' in /home/ubuntu/workspace/cst336/labs/FinalProject/deleteProduct.php:11
Stack trace:
#0 /home/ubuntu/workspace/cst336/labs/FinalProject/deleteProduct.php(11): PDOStatement->execute()
#1 {main}
  thrown in /home/ubuntu/workspace/cst336/labs/FinalProject/deleteProduct.php on line 11
[11-Dec-2018 05:54:23 UTC] PHP Fatal error:  Uncaught exception 'PDOException' with message 'SQLSTATE[42000]: Syntax error or access violation: 1064 You have an error in your SQL syntax; check the manual that corresponds to your MySQL server version for the right syntax to use near '' at line 1' in /home/ubuntu/workspace/cst336/labs/FinalProject/deleteProduct.php:11
Stack trace:
#0 /home/ubuntu/workspace/cst336/labs/FinalProject/deleteProduct.php(11): PDOStatement->execute()
#1 {main}
  thrown in /home/ubuntu/workspace/cst336/labs/FinalProject/deleteProduct.php on line 11
[11-Dec-2018 05:54:25 UTC] PHP Fatal error:  Uncaught exception 'PDOException' with message 'SQLSTATE[42000]: Syntax error or access violation: 1064 You have an error in your SQL syntax; check the manual that corresponds to your MySQL server version for the right syntax to use near '' at line 1' in /home/ubuntu/workspace/cst336/labs/FinalProject/deleteProduct.php:11
Stack trace:
#0 /home/ubuntu/workspace/cst336/labs/FinalProject/deleteProduct.php(11): PDOStatement->execute()
#1 {main}
  thrown in /home/ubuntu/workspace/cst336/labs/FinalProject/deleteProduct.php on line 11
[11-Dec-2018 05:54:38 UTC] PHP Fatal error:  Uncaught exception 'PDOException' with message 'SQLSTATE[42000]: Syntax error or access violation: 1064 You have an error in your SQL syntax; check the manual that corresponds to your MySQL server version for the right syntax to use near '' at line 1' in /home/ubuntu/workspace/cst336/labs/FinalProject/deleteProduct.php:11
Stack trace:
#0 /home/ubuntu/workspace/cst336/labs/FinalProject/deleteProduct.php(11): PDOStatement->execute()
#1 {main}
  thrown in /home/ubuntu/workspace/cst336/labs/FinalProject/deleteProduct.php on line 11
[11-Dec-2018 05:55:00 UTC] PHP Fatal error:  Uncaught exception 'PDOException' with message 'SQLSTATE[42000]: Syntax error or access violation: 1064 You have an error in your SQL syntax; check the manual that corresponds to your MySQL server version for the right syntax to use near '' at line 1' in /home/ubuntu/workspace/cst336/labs/FinalProject/deleteProduct.php:12
Stack trace:
#0 /home/ubuntu/workspace/cst336/labs/FinalProject/deleteProduct.php(12): PDOStatement->execute()
#1 {main}
  thrown in /home/ubuntu/workspace/cst336/labs/FinalProject/deleteProduct.php on line 12
[11-Dec-2018 05:55:09 UTC] PHP Fatal error:  Uncaught exception 'PDOException' with message 'SQLSTATE[42000]: Syntax error or access violation: 1064 You have an error in your SQL syntax; check the manual that corresponds to your MySQL server version for the right syntax to use near '' at line 1' in /home/ubuntu/workspace/cst336/labs/FinalProject/deleteProduct.php:12
Stack trace:
#0 /home/ubuntu/workspace/cst336/labs/FinalProject/deleteProduct.php(12): PDOStatement->execute()
#1 {main}
  thrown in /home/ubuntu/workspace/cst336/labs/FinalProject/deleteProduct.php on line 12
[11-Dec-2018 05:55:26 UTC] PHP Fatal error:  Uncaught exception 'PDOException' with message 'SQLSTATE[42000]: Syntax error or access violation: 1064 You have an error in your SQL syntax; check the manual that corresponds to your MySQL server version for the right syntax to use near '' at line 1' in /home/ubuntu/workspace/cst336/labs/FinalProject/deleteProduct.php:12
Stack trace:
#0 /home/ubuntu/workspace/cst336/labs/FinalProject/deleteProduct.php(12): PDOStatement->execute()
#1 {main}
  thrown in /home/ubuntu/workspace/cst336/labs/FinalProject/deleteProduct.php on line 12
[11-Dec-2018 05:55:27 UTC] PHP Fatal error:  Uncaught exception 'PDOException' with message 'SQLSTATE[42000]: Syntax error or access violation: 1064 You have an error in your SQL syntax; check the manual that corresponds to your MySQL server version for the right syntax to use near '' at line 1' in /home/ubuntu/workspace/cst336/labs/FinalProject/deleteProduct.php:12
Stack trace:
#0 /home/ubuntu/workspace/cst336/labs/FinalProject/deleteProduct.php(12): PDOStatement->execute()
#1 {main}
  thrown in /home/ubuntu/workspace/cst336/labs/FinalProject/deleteProduct.php on line 12
[11-Dec-2018 05:55:35 UTC] PHP Fatal error:  Uncaught exception 'PDOException' with message 'SQLSTATE[42000]: Syntax error or access violation: 1064 You have an error in your SQL syntax; check the manual that corresponds to your MySQL server version for the right syntax to use near '' at line 1' in /home/ubuntu/workspace/cst336/labs/FinalProject/deleteProduct.php:12
Stack trace:
#0 /home/ubuntu/workspace/cst336/labs/FinalProject/deleteProduct.php(12): PDOStatement->execute()
#1 {main}
  thrown in /home/ubuntu/workspace/cst336/labs/FinalProject/deleteProduct.php on line 12
[11-Dec-2018 05:56:01 UTC] PHP Fatal error:  Uncaught exception 'PDOException' with message 'SQLSTATE[42000]: Syntax error or access violation: 1064 You have an error in your SQL syntax; check the manual that corresponds to your MySQL server version for the right syntax to use near '' at line 1' in /home/ubuntu/workspace/cst336/labs/FinalProject/deleteProduct.php:12
Stack trace:
#0 /home/ubuntu/workspace/cst336/labs/FinalProject/deleteProduct.php(12): PDOStatement->execute()
#1 {main}
  thrown in /home/ubuntu/workspace/cst336/labs/FinalProject/deleteProduct.php on line 12
[11-Dec-2018 05:56:58 UTC] PHP Fatal error:  Call to undefined function startConnection() in /home/ubuntu/workspace/cst336/labs/FinalProject/deleteProduct.php on line 5
[11-Dec-2018 05:56:58 UTC] PHP Stack trace:
[11-Dec-2018 05:56:58 UTC] PHP   1. {main}() /home/ubuntu/workspace/cst336/labs/FinalProject/deleteProduct.php:0
[11-Dec-2018 05:57:16 UTC] PHP Fatal error:  Uncaught exception 'PDOException' with message 'SQLSTATE[42000]: Syntax error or access violation: 1064 You have an error in your SQL syntax; check the manual that corresponds to your MySQL server version for the right syntax to use near '' at line 1' in /home/ubuntu/workspace/cst336/labs/FinalProject/deleteProduct.php:12
Stack trace:
#0 /home/ubuntu/workspace/cst336/labs/FinalProject/deleteProduct.php(12): PDOStatement->execute()
#1 {main}
  thrown in /home/ubuntu/workspace/cst336/labs/FinalProject/deleteProduct.php on line 12
[11-Dec-2018 05:57:35 UTC] PHP Fatal error:  Uncaught exception 'PDOException' with message 'SQLSTATE[42000]: Syntax error or access violation: 1064 You have an error in your SQL syntax; check the manual that corresponds to your MySQL server version for the right syntax to use near '' at line 1' in /home/ubuntu/workspace/cst336/labs/FinalProject/deleteProduct.php:12
Stack trace:
#0 /home/ubuntu/workspace/cst336/labs/FinalProject/deleteProduct.php(12): PDOStatement->execute()
#1 {main}
  thrown in /home/ubuntu/workspace/cst336/labs/FinalProject/deleteProduct.php on line 12
[11-Dec-2018 05:58:06 UTC] PHP Fatal error:  Uncaught exception 'PDOException' with message 'SQLSTATE[42000]: Syntax error or access violation: 1064 You have an error in your SQL syntax; check the manual that corresponds to your MySQL server version for the right syntax to use near '' at line 1' in /home/ubuntu/workspace/cst336/labs/FinalProject/deleteProduct.php:13
Stack trace:
#0 /home/ubuntu/workspace/cst336/labs/FinalProject/deleteProduct.php(13): PDOStatement->execute()
#1 {main}
  thrown in /home/ubuntu/workspace/cst336/labs/FinalProject/deleteProduct.php on line 13
[11-Dec-2018 05:58:11 UTC] PHP Fatal error:  Uncaught exception 'PDOException' with message 'SQLSTATE[42000]: Syntax error or access violation: 1064 You have an error in your SQL syntax; check the manual that corresponds to your MySQL server version for the right syntax to use near '' at line 1' in /home/ubuntu/workspace/cst336/labs/FinalProject/deleteProduct.php:13
Stack trace:
#0 /home/ubuntu/workspace/cst336/labs/FinalProject/deleteProduct.php(13): PDOStatement->execute()
#1 {main}
  thrown in /home/ubuntu/workspace/cst336/labs/FinalProject/deleteProduct.php on line 13
[11-Dec-2018 05:58:12 UTC] PHP Fatal error:  Uncaught exception 'PDOException' with message 'SQLSTATE[42000]: Syntax error or access violation: 1064 You have an error in your SQL syntax; check the manual that corresponds to your MySQL server version for the right syntax to use near '' at line 1' in /home/ubuntu/workspace/cst336/labs/FinalProject/deleteProduct.php:13
Stack trace:
#0 /home/ubuntu/workspace/cst336/labs/FinalProject/deleteProduct.php(13): PDOStatement->execute()
#1 {main}
  thrown in /home/ubuntu/workspace/cst336/labs/FinalProject/deleteProduct.php on line 13
[11-Dec-2018 05:58:30 UTC] PHP Fatal error:  Cannot redeclare startConnection() (previously declared in /home/ubuntu/workspace/cst336/labs/FinalProject/dbConnectionFifa.php:3) in /home/ubuntu/workspace/cst336/labs/FinalProject/dbConnectionFifa.php on line 3
[11-Dec-2018 05:58:30 UTC] PHP Stack trace:
[11-Dec-2018 05:58:30 UTC] PHP   1. {main}() /home/ubuntu/workspace/cst336/labs/FinalProject/deleteProduct.php:0
[11-Dec-2018 05:58:30 UTC] PHP   2. include() /home/ubuntu/workspace/cst336/labs/FinalProject/deleteProduct.php:6
[11-Dec-2018 05:58:56 UTC] PHP Fatal error:  Cannot redeclare startConnection() (previously declared in /home/ubuntu/workspace/cst336/labs/FinalProject/dbConnectionFifa.php:3) in /home/ubuntu/workspace/cst336/labs/FinalProject/dbConnectionFifa.php on line 3
[11-Dec-2018 05:58:56 UTC] PHP Stack trace:
[11-Dec-2018 05:58:56 UTC] PHP   1. {main}() /home/ubuntu/workspace/cst336/labs/FinalProject/deleteProduct.php:0
[11-Dec-2018 05:58:56 UTC] PHP   2. include() /home/ubuntu/workspace/cst336/labs/FinalProject/deleteProduct.php:5
[11-Dec-2018 05:58:58 UTC] PHP Fatal error:  Cannot redeclare startConnection() (previously declared in /home/ubuntu/workspace/cst336/labs/FinalProject/dbConnectionFifa.php:3) in /home/ubuntu/workspace/cst336/labs/FinalProject/dbConnectionFifa.php on line 3
[11-Dec-2018 05:58:58 UTC] PHP Stack trace:
[11-Dec-2018 05:58:58 UTC] PHP   1. {main}() /home/ubuntu/workspace/cst336/labs/FinalProject/deleteProduct.php:0
[11-Dec-2018 05:58:58 UTC] PHP   2. include() /home/ubuntu/workspace/cst336/labs/FinalProject/deleteProduct.php:5
[11-Dec-2018 05:59:55 UTC] PHP Fatal error:  Uncaught exception 'PDOException' with message 'SQLSTATE[42000]: Syntax error or access violation: 1064 You have an error in your SQL syntax; check the manual that corresponds to your MySQL server version for the right syntax to use near '' at line 1' in /home/ubuntu/workspace/cst336/labs/FinalProject/deleteProduct.php:13
Stack trace:
#0 /home/ubuntu/workspace/cst336/labs/FinalProject/deleteProduct.php(13): PDOStatement->execute()
#1 {main}
  thrown in /home/ubuntu/workspace/cst336/labs/FinalProject/deleteProduct.php on line 13
[11-Dec-2018 05:59:56 UTC] PHP Fatal error:  Uncaught exception 'PDOException' with message 'SQLSTATE[42000]: Syntax error or access violation: 1064 You have an error in your SQL syntax; check the manual that corresponds to your MySQL server version for the right syntax to use near '' at line 1' in /home/ubuntu/workspace/cst336/labs/FinalProject/deleteProduct.php:13
Stack trace:
#0 /home/ubuntu/workspace/cst336/labs/FinalProject/deleteProduct.php(13): PDOStatement->execute()
#1 {main}
  thrown in /home/ubuntu/workspace/cst336/labs/FinalProject/deleteProduct.php on line 13
[11-Dec-2018 05:59:58 UTC] PHP Fatal error:  Call to a member function prepare() on a non-object in /home/ubuntu/workspace/cst336/labs/FinalProject/functions.php on line 169
[11-Dec-2018 05:59:58 UTC] PHP Stack trace:
[11-Dec-2018 05:59:58 UTC] PHP   1. {main}() /home/ubuntu/workspace/cst336/labs/FinalProject/admin.php:0
[11-Dec-2018 05:59:58 UTC] PHP   2. displayAllProducts() /home/ubuntu/workspace/cst336/labs/FinalProject/admin.php:54
[11-Dec-2018 06:00:02 UTC] PHP Fatal error:  Call to a member function prepare() on a non-object in /home/ubuntu/workspace/cst336/labs/FinalProject/functions.php on line 169
[11-Dec-2018 06:00:02 UTC] PHP Stack trace:
[11-Dec-2018 06:00:02 UTC] PHP   1. {main}() /home/ubuntu/workspace/cst336/labs/FinalProject/admin.php:0
[11-Dec-2018 06:00:02 UTC] PHP   2. displayAllProducts() /home/ubuntu/workspace/cst336/labs/FinalProject/admin.php:54
[11-Dec-2018 06:00:50 UTC] PHP Fatal error:  Call to a member function prepare() on a non-object in /home/ubuntu/workspace/cst336/labs/FinalProject/functions.php on line 169
[11-Dec-2018 06:00:50 UTC] PHP Stack trace:
[11-Dec-2018 06:00:50 UTC] PHP   1. {main}() /home/ubuntu/workspace/cst336/labs/FinalProject/admin.php:0
[11-Dec-2018 06:00:50 UTC] PHP   2. displayAllProducts() /home/ubuntu/workspace/cst336/labs/FinalProject/admin.php:54
[11-Dec-2018 06:01:34 UTC] PHP Fatal error:  Uncaught exception 'PDOException' with message 'SQLSTATE[42000]: Syntax error or access violation: 1064 You have an error in your SQL syntax; check the manual that corresponds to your MySQL server version for the right syntax to use near '' at line 1' in /home/ubuntu/workspace/cst336/labs/FinalProject/deleteProduct.php:13
Stack trace:
#0 /home/ubuntu/workspace/cst336/labs/FinalProject/deleteProduct.php(13): PDOStatement->execute()
#1 {main}
  thrown in /home/ubuntu/workspace/cst336/labs/FinalProject/deleteProduct.php on line 13
[11-Dec-2018 06:01:36 UTC] PHP Fatal error:  Uncaught exception 'PDOException' with message 'SQLSTATE[42000]: Syntax error or access violation: 1064 You have an error in your SQL syntax; check the manual that corresponds to your MySQL server version for the right syntax to use near '' at line 1' in /home/ubuntu/workspace/cst336/labs/FinalProject/deleteProduct.php:13
Stack trace:
#0 /home/ubuntu/workspace/cst336/labs/FinalProject/deleteProduct.php(13): PDOStatement->execute()
#1 {main}
  thrown in /home/ubuntu/workspace/cst336/labs/FinalProject/deleteProduct.php on line 13
[11-Dec-2018 06:02:01 UTC] PHP Fatal error:  Uncaught exception 'PDOException' with message 'SQLSTATE[42000]: Syntax error or access violation: 1064 You have an error in your SQL syntax; check the manual that corresponds to your MySQL server version for the right syntax to use near '' at line 1' in /home/ubuntu/workspace/cst336/labs/FinalProject/deleteProduct.php:14
Stack trace:
#0 /home/ubuntu/workspace/cst336/labs/FinalProject/deleteProduct.php(14): PDOStatement->execute()
#1 {main}
  thrown in /home/ubuntu/workspace/cst336/labs/FinalProject/deleteProduct.php on line 14
[11-Dec-2018 06:03:13 UTC] PHP Fatal error:  Uncaught exception 'PDOException' with message 'SQLSTATE[42000]: Syntax error or access violation: 1064 You have an error in your SQL syntax; check the manual that corresponds to your MySQL server version for the right syntax to use near '' at line 1' in /home/ubuntu/workspace/cst336/labs/FinalProject/deleteProduct.php:14
Stack trace:
#0 /home/ubuntu/workspace/cst336/labs/FinalProject/deleteProduct.php(14): PDOStatement->execute()
#1 {main}
  thrown in /home/ubuntu/workspace/cst336/labs/FinalProject/deleteProduct.php on line 14
[11-Dec-2018 06:03:59 UTC] PHP Fatal error:  Uncaught exception 'PDOException' with message 'SQLSTATE[42000]: Syntax error or access violation: 1064 You have an error in your SQL syntax; check the manual that corresponds to your MySQL server version for the right syntax to use near '' at line 1' in /home/ubuntu/workspace/cst336/labs/FinalProject/deleteProduct.php:14
Stack trace:
#0 /home/ubuntu/workspace/cst336/labs/FinalProject/deleteProduct.php(14): PDOStatement->execute()
#1 {main}
  thrown in /home/ubuntu/workspace/cst336/labs/FinalProject/deleteProduct.php on line 14
[11-Dec-2018 06:04:02 UTC] PHP Fatal error:  Uncaught exception 'PDOException' with message 'SQLSTATE[42000]: Syntax error or access violation: 1064 You have an error in your SQL syntax; check the manual that corresponds to your MySQL server version for the right syntax to use near '' at line 1' in /home/ubuntu/workspace/cst336/labs/FinalProject/deleteProduct.php:14
Stack trace:
#0 /home/ubuntu/workspace/cst336/labs/FinalProject/deleteProduct.php(14): PDOStatement->execute()
#1 {main}
  thrown in /home/ubuntu/workspace/cst336/labs/FinalProject/deleteProduct.php on line 14
[11-Dec-2018 06:04:52 UTC] PHP Fatal error:  Uncaught exception 'PDOException' with message 'SQLSTATE[42000]: Syntax error or access violation: 1064 You have an error in your SQL syntax; check the manual that corresponds to your MySQL server version for the right syntax to use near '' at line 1' in /home/ubuntu/workspace/cst336/labs/FinalProject/deleteProduct.php:14
Stack trace:
#0 /home/ubuntu/workspace/cst336/labs/FinalProject/deleteProduct.php(14): PDOStatement->execute()
#1 {main}
  thrown in /home/ubuntu/workspace/cst336/labs/FinalProject/deleteProduct.php on line 14
[11-Dec-2018 06:05:29 UTC] PHP Fatal error:  Uncaught exception 'PDOException' with message 'SQLSTATE[42000]: Syntax error or access violation: 1064 You have an error in your SQL syntax; check the manual that corresponds to your MySQL server version for the right syntax to use near '' at line 1' in /home/ubuntu/workspace/cst336/labs/FinalProject/deleteProduct.php:14
Stack trace:
#0 /home/ubuntu/workspace/cst336/labs/FinalProject/deleteProduct.php(14): PDOStatement->execute()
#1 {main}
  thrown in /home/ubuntu/workspace/cst336/labs/FinalProject/deleteProduct.php on line 14
[11-Dec-2018 06:05:45 UTC] PHP Fatal error:  Uncaught exception 'PDOException' with message 'SQLSTATE[42000]: Syntax error or access violation: 1064 You have an error in your SQL syntax; check the manual that corresponds to your MySQL server version for the right syntax to use near '' at line 1' in /home/ubuntu/workspace/cst336/labs/FinalProject/deleteProduct.php:14
Stack trace:
#0 /home/ubuntu/workspace/cst336/labs/FinalProject/deleteProduct.php(14): PDOStatement->execute()
#1 {main}
  thrown in /home/ubuntu/workspace/cst336/labs/FinalProject/deleteProduct.php on line 14
[11-Dec-2018 06:06:13 UTC] PHP Fatal error:  Cannot redeclare startConnection() (previously declared in /home/ubuntu/workspace/cst336/labs/FinalProject/dbConnectionFifa.php:3) in /home/ubuntu/workspace/cst336/labs/FinalProject/dbConnectionFifa.php on line 3
[11-Dec-2018 06:06:13 UTC] PHP Stack trace:
[11-Dec-2018 06:06:13 UTC] PHP   1. {main}() /home/ubuntu/workspace/cst336/labs/FinalProject/deleteProduct.php:0
[11-Dec-2018 06:06:13 UTC] PHP   2. include() /home/ubuntu/workspace/cst336/labs/FinalProject/deleteProduct.php:5
[11-Dec-2018 06:06:31 UTC] PHP Fatal error:  Uncaught exception 'PDOException' with message 'SQLSTATE[42000]: Syntax error or access violation: 1064 You have an error in your SQL syntax; check the manual that corresponds to your MySQL server version for the right syntax to use near '' at line 1' in /home/ubuntu/workspace/cst336/labs/FinalProject/deleteProduct.php:13
Stack trace:
#0 /home/ubuntu/workspace/cst336/labs/FinalProject/deleteProduct.php(13): PDOStatement->execute()
#1 {main}
  thrown in /home/ubuntu/workspace/cst336/labs/FinalProject/deleteProduct.php on line 13
[11-Dec-2018 06:06:52 UTC] PHP Fatal error:  Uncaught exception 'PDOException' with message 'SQLSTATE[42000]: Syntax error or access violation: 1064 You have an error in your SQL syntax; check the manual that corresponds to your MySQL server version for the right syntax to use near '' at line 1' in /home/ubuntu/workspace/cst336/labs/FinalProject/deleteProduct.php:13
Stack trace:
#0 /home/ubuntu/workspace/cst336/labs/FinalProject/deleteProduct.php(13): PDOStatement->execute()
#1 {main}
  thrown in /home/ubuntu/workspace/cst336/labs/FinalProject/deleteProduct.php on line 13
[11-Dec-2018 06:06:54 UTC] PHP Fatal error:  Uncaught exception 'PDOException' with message 'SQLSTATE[42000]: Syntax error or access violation: 1064 You have an error in your SQL syntax; check the manual that corresponds to your MySQL server version for the right syntax to use near '' at line 1' in /home/ubuntu/workspace/cst336/labs/FinalProject/deleteProduct.php:13
Stack trace:
#0 /home/ubuntu/workspace/cst336/labs/FinalProject/deleteProduct.php(13): PDOStatement->execute()
#1 {main}
  thrown in /home/ubuntu/workspace/cst336/labs/FinalProject/deleteProduct.php on line 13
[11-Dec-2018 06:07:27 UTC] PHP Fatal error:  Uncaught exception 'PDOException' with message 'SQLSTATE[42000]: Syntax error or access violation: 1064 You have an error in your SQL syntax; check the manual that corresponds to your MySQL server version for the right syntax to use near '' at line 1' in /home/ubuntu/workspace/cst336/labs/FinalProject/deleteProduct.php:13
Stack trace:
#0 /home/ubuntu/workspace/cst336/labs/FinalProject/deleteProduct.php(13): PDOStatement->execute()
#1 {main}
  thrown in /home/ubuntu/workspace/cst336/labs/FinalProject/deleteProduct.php on line 13
[11-Dec-2018 06:07:29 UTC] PHP Fatal error:  Uncaught exception 'PDOException' with message 'SQLSTATE[42000]: Syntax error or access violation: 1064 You have an error in your SQL syntax; check the manual that corresponds to your MySQL server version for the right syntax to use near '' at line 1' in /home/ubuntu/workspace/cst336/labs/FinalProject/deleteProduct.php:13
Stack trace:
#0 /home/ubuntu/workspace/cst336/labs/FinalProject/deleteProduct.php(13): PDOStatement->execute()
#1 {main}
  thrown in /home/ubuntu/workspace/cst336/labs/FinalProject/deleteProduct.php on line 13
[11-Dec-2018 06:07:54 UTC] PHP Fatal error:  Uncaught exception 'PDOException' with message 'SQLSTATE[42000]: Syntax error or access violation: 1064 You have an error in your SQL syntax; check the manual that corresponds to your MySQL server version for the right syntax to use near '' at line 1' in /home/ubuntu/workspace/cst336/labs/FinalProject/deleteProduct.php:13
Stack trace:
#0 /home/ubuntu/workspace/cst336/labs/FinalProject/deleteProduct.php(13): PDOStatement->execute()
#1 {main}
  thrown in /home/ubuntu/workspace/cst336/labs/FinalProject/deleteProduct.php on line 13
[11-Dec-2018 06:08:04 UTC] PHP Fatal error:  Uncaught exception 'PDOException' with message 'SQLSTATE[42000]: Syntax error or access violation: 1064 You have an error in your SQL syntax; check the manual that corresponds to your MySQL server version for the right syntax to use near '' at line 1' in /home/ubuntu/workspace/cst336/labs/FinalProject/deleteProduct.php:13
Stack trace:
#0 /home/ubuntu/workspace/cst336/labs/FinalProject/deleteProduct.php(13): PDOStatement->execute()
#1 {main}
  thrown in /home/ubuntu/workspace/cst336/labs/FinalProject/deleteProduct.php on line 13
[11-Dec-2018 06:09:09 UTC] PHP Fatal error:  Uncaught exception 'PDOException' with message 'SQLSTATE[42000]: Syntax error or access violation: 1064 You have an error in your SQL syntax; check the manual that corresponds to your MySQL server version for the right syntax to use near '' at line 1' in /home/ubuntu/workspace/cst336/labs/FinalProject/deleteProduct.php:13
Stack trace:
#0 /home/ubuntu/workspace/cst336/labs/FinalProject/deleteProduct.php(13): PDOStatement->execute()
#1 {main}
  thrown in /home/ubuntu/workspace/cst336/labs/FinalProject/deleteProduct.php on line 13
[11-Dec-2018 06:10:31 UTC] PHP Fatal error:  Uncaught exception 'PDOException' with message 'SQLSTATE[42000]: Syntax error or access violation: 1064 You have an error in your SQL syntax; check the manual that corresponds to your MySQL server version for the right syntax to use near '' at line 1' in /home/ubuntu/workspace/cst336/labs/FinalProject/deleteProduct.php:13
Stack trace:
#0 /home/ubuntu/workspace/cst336/labs/FinalProject/deleteProduct.php(13): PDOStatement->execute()
#1 {main}
  thrown in /home/ubuntu/workspace/cst336/labs/FinalProject/deleteProduct.php on line 13
[11-Dec-2018 06:12:18 UTC] PHP Fatal error:  Uncaught exception 'PDOException' with message 'SQLSTATE[42000]: Syntax error or access violation: 1064 You have an error in your SQL syntax; check the manual that corresponds to your MySQL server version for the right syntax to use near '' at line 1' in /home/ubuntu/workspace/cst336/labs/FinalProject/deleteProduct.php:13
Stack trace:
#0 /home/ubuntu/workspace/cst336/labs/FinalProject/deleteProduct.php(13): PDOStatement->execute()
#1 {main}
  thrown in /home/ubuntu/workspace/cst336/labs/FinalProject/deleteProduct.php on line 13
[11-Dec-2018 06:12:20 UTC] PHP Fatal error:  Uncaught exception 'PDOException' with message 'SQLSTATE[42000]: Syntax error or access violation: 1064 You have an error in your SQL syntax; check the manual that corresponds to your MySQL server version for the right syntax to use near '' at line 1' in /home/ubuntu/workspace/cst336/labs/FinalProject/deleteProduct.php:13
Stack trace:
#0 /home/ubuntu/workspace/cst336/labs/FinalProject/deleteProduct.php(13): PDOStatement->execute()
#1 {main}
  thrown in /home/ubuntu/workspace/cst336/labs/FinalProject/deleteProduct.php on line 13
[11-Dec-2018 06:15:00 UTC] PHP Fatal error:  Uncaught exception 'PDOException' with message 'SQLSTATE[42000]: Syntax error or access violation: 1064 You have an error in your SQL syntax; check the manual that corresponds to your MySQL server version for the right syntax to use near '' at line 1' in /home/ubuntu/workspace/cst336/labs/FinalProject/deleteProduct.php:12
Stack trace:
#0 /home/ubuntu/workspace/cst336/labs/FinalProject/deleteProduct.php(12): PDOStatement->execute()
#1 {main}
  thrown in /home/ubuntu/workspace/cst336/labs/FinalProject/deleteProduct.php on line 12
[11-Dec-2018 06:15:01 UTC] PHP Fatal error:  Uncaught exception 'PDOException' with message 'SQLSTATE[42000]: Syntax error or access violation: 1064 You have an error in your SQL syntax; check the manual that corresponds to your MySQL server version for the right syntax to use near '' at line 1' in /home/ubuntu/workspace/cst336/labs/FinalProject/deleteProduct.php:12
Stack trace:
#0 /home/ubuntu/workspace/cst336/labs/FinalProject/deleteProduct.php(12): PDOStatement->execute()
#1 {main}
  thrown in /home/ubuntu/workspace/cst336/labs/FinalProject/deleteProduct.php on line 12
[11-Dec-2018 06:15:02 UTC] PHP Fatal error:  Uncaught exception 'PDOException' with message 'SQLSTATE[42000]: Syntax error or access violation: 1064 You have an error in your SQL syntax; check the manual that corresponds to your MySQL server version for the right syntax to use near '' at line 1' in /home/ubuntu/workspace/cst336/labs/FinalProject/deleteProduct.php:12
Stack trace:
#0 /home/ubuntu/workspace/cst336/labs/FinalProject/deleteProduct.php(12): PDOStatement->execute()
#1 {main}
  thrown in /home/ubuntu/workspace/cst336/labs/FinalProject/deleteProduct.php on line 12
[11-Dec-2018 06:15:25 UTC] PHP Fatal error:  Uncaught exception 'PDOException' with message 'SQLSTATE[42000]: Syntax error or access violation: 1064 You have an error in your SQL syntax; check the manual that corresponds to your MySQL server version for the right syntax to use near '' at line 1' in /home/ubuntu/workspace/cst336/labs/FinalProject/deleteProduct.php:12
Stack trace:
#0 /home/ubuntu/workspace/cst336/labs/FinalProject/deleteProduct.php(12): PDOStatement->execute()
#1 {main}
  thrown in /home/ubuntu/workspace/cst336/labs/FinalProject/deleteProduct.php on line 12
[11-Dec-2018 06:16:58 UTC] PHP Fatal error:  Uncaught exception 'PDOException' with message 'SQLSTATE[42000]: Syntax error or access violation: 1064 You have an error in your SQL syntax; check the manual that corresponds to your MySQL server version for the right syntax to use near '' at line 1' in /home/ubuntu/workspace/cst336/labs/FinalProject/deleteProduct.php:12
Stack trace:
#0 /home/ubuntu/workspace/cst336/labs/FinalProject/deleteProduct.php(12): PDOStatement->execute()
#1 {main}
  thrown in /home/ubuntu/workspace/cst336/labs/FinalProject/deleteProduct.php on line 12
[11-Dec-2018 06:17:21 UTC] PHP Fatal error:  Uncaught exception 'PDOException' with message 'SQLSTATE[42000]: Syntax error or access violation: 1064 You have an error in your SQL syntax; check the manual that corresponds to your MySQL server version for the right syntax to use near '' at line 1' in /home/ubuntu/workspace/cst336/labs/FinalProject/deleteProduct.php:12
Stack trace:
#0 /home/ubuntu/workspace/cst336/labs/FinalProject/deleteProduct.php(12): PDOStatement->execute()
#1 {main}
  thrown in /home/ubuntu/workspace/cst336/labs/FinalProject/deleteProduct.php on line 12
[11-Dec-2018 06:17:22 UTC] PHP Fatal error:  Uncaught exception 'PDOException' with message 'SQLSTATE[42000]: Syntax error or access violation: 1064 You have an error in your SQL syntax; check the manual that corresponds to your MySQL server version for the right syntax to use near '' at line 1' in /home/ubuntu/workspace/cst336/labs/FinalProject/deleteProduct.php:12
Stack trace:
#0 /home/ubuntu/workspace/cst336/labs/FinalProject/deleteProduct.php(12): PDOStatement->execute()
#1 {main}
  thrown in /home/ubuntu/workspace/cst336/labs/FinalProject/deleteProduct.php on line 12
[11-Dec-2018 06:17:30 UTC] PHP Fatal error:  Uncaught exception 'PDOException' with message 'SQLSTATE[42000]: Syntax error or access violation: 1064 You have an error in your SQL syntax; check the manual that corresponds to your MySQL server version for the right syntax to use near '' at line 1' in /home/ubuntu/workspace/cst336/labs/FinalProject/deleteProduct.php:12
Stack trace:
#0 /home/ubuntu/workspace/cst336/labs/FinalProject/deleteProduct.php(12): PDOStatement->execute()
#1 {main}
  thrown in /home/ubuntu/workspace/cst336/labs/FinalProject/deleteProduct.php on line 12
[11-Dec-2018 06:17:32 UTC] PHP Fatal error:  Uncaught exception 'PDOException' with message 'SQLSTATE[42000]: Syntax error or access violation: 1064 You have an error in your SQL syntax; check the manual that corresponds to your MySQL server version for the right syntax to use near '' at line 1' in /home/ubuntu/workspace/cst336/labs/FinalProject/deleteProduct.php:12
Stack trace:
#0 /home/ubuntu/workspace/cst336/labs/FinalProject/deleteProduct.php(12): PDOStatement->execute()
#1 {main}
  thrown in /home/ubuntu/workspace/cst336/labs/FinalProject/deleteProduct.php on line 12
[11-Dec-2018 06:17:39 UTC] PHP Fatal error:  Uncaught exception 'PDOException' with message 'SQLSTATE[42000]: Syntax error or access violation: 1064 You have an error in your SQL syntax; check the manual that corresponds to your MySQL server version for the right syntax to use near '' at line 1' in /home/ubuntu/workspace/cst336/labs/FinalProject/deleteProduct.php:12
Stack trace:
#0 /home/ubuntu/workspace/cst336/labs/FinalProject/deleteProduct.php(12): PDOStatement->execute()
#1 {main}
  thrown in /home/ubuntu/workspace/cst336/labs/FinalProject/deleteProduct.php on line 12
[11-Dec-2018 06:20:38 UTC] PHP Fatal error:  Uncaught exception 'PDOException' with message 'SQLSTATE[42000]: Syntax error or access violation: 1064 You have an error in your SQL syntax; check the manual that corresponds to your MySQL server version for the right syntax to use near '' at line 1' in /home/ubuntu/workspace/cst336/labs/FinalProject/deleteProduct.php:11
Stack trace:
#0 /home/ubuntu/workspace/cst336/labs/FinalProject/deleteProduct.php(11): PDOStatement->execute()
#1 {main}
  thrown in /home/ubuntu/workspace/cst336/labs/FinalProject/deleteProduct.php on line 11
[11-Dec-2018 06:21:33 UTC] PHP Fatal error:  Uncaught exception 'PDOException' with message 'SQLSTATE[42000]: Syntax error or access violation: 1064 You have an error in your SQL syntax; check the manual that corresponds to your MySQL server version for the right syntax to use near '' at line 1' in /home/ubuntu/workspace/cst336/labs/FinalProject/deleteProduct.php:20
Stack trace:
#0 /home/ubuntu/workspace/cst336/labs/FinalProject/deleteProduct.php(20): PDOStatement->execute()
#1 {main}
  thrown in /home/ubuntu/workspace/cst336/labs/FinalProject/deleteProduct.php on line 20
[11-Dec-2018 06:21:35 UTC] PHP Fatal error:  Uncaught exception 'PDOException' with message 'SQLSTATE[42000]: Syntax error or access violation: 1064 You have an error in your SQL syntax; check the manual that corresponds to your MySQL server version for the right syntax to use near '' at line 1' in /home/ubuntu/workspace/cst336/labs/FinalProject/deleteProduct.php:20
Stack trace:
#0 /home/ubuntu/workspace/cst336/labs/FinalProject/deleteProduct.php(20): PDOStatement->execute()
#1 {main}
  thrown in /home/ubuntu/workspace/cst336/labs/FinalProject/deleteProduct.php on line 20
[11-Dec-2018 06:21:49 UTC] PHP Fatal error:  Uncaught exception 'PDOException' with message 'SQLSTATE[42000]: Syntax error or access violation: 1064 You have an error in your SQL syntax; check the manual that corresponds to your MySQL server version for the right syntax to use near '' at line 1' in /home/ubuntu/workspace/cst336/labs/FinalProject/deleteProduct.php:20
Stack trace:
#0 /home/ubuntu/workspace/cst336/labs/FinalProject/deleteProduct.php(20): PDOStatement->execute()
#1 {main}
  thrown in /home/ubuntu/workspace/cst336/labs/FinalProject/deleteProduct.php on line 20
[11-Dec-2018 06:22:09 UTC] PHP Fatal error:  Uncaught exception 'PDOException' with message 'SQLSTATE[42000]: Syntax error or access violation: 1064 You have an error in your SQL syntax; check the manual that corresponds to your MySQL server version for the right syntax to use near '' at line 1' in /home/ubuntu/workspace/cst336/labs/FinalProject/deleteProduct.php:20
Stack trace:
#0 /home/ubuntu/workspace/cst336/labs/FinalProject/deleteProduct.php(20): PDOStatement->execute()
#1 {main}
  thrown in /home/ubuntu/workspace/cst336/labs/FinalProject/deleteProduct.php on line 20
[11-Dec-2018 06:22:53 UTC] PHP Fatal error:  Uncaught exception 'PDOException' with message 'SQLSTATE[42000]: Syntax error or access violation: 1064 You have an error in your SQL syntax; check the manual that corresponds to your MySQL server version for the right syntax to use near '' at line 1' in /home/ubuntu/workspace/cst336/labs/FinalProject/deleteProduct.php:20
Stack trace:
#0 /home/ubuntu/workspace/cst336/labs/FinalProject/deleteProduct.php(20): PDOStatement->execute()
#1 {main}
  thrown in /home/ubuntu/workspace/cst336/labs/FinalProject/deleteProduct.php on line 20
[11-Dec-2018 06:24:00 UTC] PHP Fatal error:  Uncaught exception 'PDOException' with message 'SQLSTATE[42000]: Syntax error or access violation: 1064 You have an error in your SQL syntax; check the manual that corresponds to your MySQL server version for the right syntax to use near '' at line 1' in /home/ubuntu/workspace/cst336/labs/FinalProject/deleteProduct.php:20
Stack trace:
#0 /home/ubuntu/workspace/cst336/labs/FinalProject/deleteProduct.php(20): PDOStatement->execute()
#1 {main}
  thrown in /home/ubuntu/workspace/cst336/labs/FinalProject/deleteProduct.php on line 20
[11-Dec-2018 06:24:16 UTC] PHP Fatal error:  Uncaught exception 'PDOException' with message 'SQLSTATE[42000]: Syntax error or access violation: 1064 You have an error in your SQL syntax; check the manual that corresponds to your MySQL server version for the right syntax to use near '' at line 1' in /home/ubuntu/workspace/cst336/labs/FinalProject/deleteProduct.php:11
Stack trace:
#0 /home/ubuntu/workspace/cst336/labs/FinalProject/deleteProduct.php(11): PDOStatement->execute()
#1 {main}
  thrown in /home/ubuntu/workspace/cst336/labs/FinalProject/deleteProduct.php on line 11
[11-Dec-2018 06:29:13 UTC] PHP Fatal error:  Uncaught exception 'PDOException' with message 'SQLSTATE[42000]: Syntax error or access violation: 1064 You have an error in your SQL syntax; check the manual that corresponds to your MySQL server version for the right syntax to use near '' at line 1' in /home/ubuntu/workspace/cst336/labs/FinalProject/deleteProduct.php:10
Stack trace:
#0 /home/ubuntu/workspace/cst336/labs/FinalProject/deleteProduct.php(10): PDOStatement->execute()
#1 {main}
  thrown in /home/ubuntu/workspace/cst336/labs/FinalProject/deleteProduct.php on line 10
[11-Dec-2018 06:29:14 UTC] PHP Fatal error:  Uncaught exception 'PDOException' with message 'SQLSTATE[42000]: Syntax error or access violation: 1064 You have an error in your SQL syntax; check the manual that corresponds to your MySQL server version for the right syntax to use near '' at line 1' in /home/ubuntu/workspace/cst336/labs/FinalProject/deleteProduct.php:10
Stack trace:
#0 /home/ubuntu/workspace/cst336/labs/FinalProject/deleteProduct.php(10): PDOStatement->execute()
#1 {main}
  thrown in /home/ubuntu/workspace/cst336/labs/FinalProject/deleteProduct.php on line 10
[11-Dec-2018 06:29:21 UTC] PHP Fatal error:  Call to a member function prepare() on a non-object in /home/ubuntu/workspace/cst336/labs/FinalProject/functions.php on line 10
[11-Dec-2018 06:29:21 UTC] PHP Stack trace:
[11-Dec-2018 06:29:21 UTC] PHP   1. {main}() /home/ubuntu/workspace/cst336/labs/FinalProject/index.php:0
[11-Dec-2018 06:29:21 UTC] PHP   2. displayNations() /home/ubuntu/workspace/cst336/labs/FinalProject/index.php:41
[11-Dec-2018 06:31:23 UTC] PHP Fatal error:  Call to a member function prepare() on a non-object in /home/ubuntu/workspace/cst336/labs/FinalProject/functions.php on line 194
[11-Dec-2018 06:31:23 UTC] PHP Stack trace:
[11-Dec-2018 06:31:23 UTC] PHP   1. {main}() /home/ubuntu/workspace/cst336/labs/FinalProject/addProduct.php:0
[11-Dec-2018 06:31:23 UTC] PHP   2. getCategories() /home/ubuntu/workspace/cst336/labs/FinalProject/addProduct.php:50
[11-Dec-2018 06:39:47 UTC] PHP Fatal error:  Call to undefined function getLeague() in /home/ubuntu/workspace/cst336/labs/FinalProject/addProduct.php on line 61
[11-Dec-2018 06:39:47 UTC] PHP Stack trace:
[11-Dec-2018 06:39:47 UTC] PHP   1. {main}() /home/ubuntu/workspace/cst336/labs/FinalProject/addProduct.php:0
[11-Dec-2018 06:41:46 UTC] PHP Fatal error:  Call to undefined function getLeague() in /home/ubuntu/workspace/cst336/labs/FinalProject/addProduct.php on line 63
[11-Dec-2018 06:41:46 UTC] PHP Stack trace:
[11-Dec-2018 06:41:46 UTC] PHP   1. {main}() /home/ubuntu/workspace/cst336/labs/FinalProject/addProduct.php:0
[11-Dec-2018 20:36:24 UTC] PHP Fatal error:  Uncaught exception 'PDOException' with message 'SQLSTATE[42000]: Syntax error or access violation: 1064 You have an error in your SQL syntax; check the manual that corresponds to your MySQL server version for the right syntax to use near '' at line 1' in /home/ubuntu/workspace/cst336/labs/FinalProject/functions.php:220
Stack trace:
#0 /home/ubuntu/workspace/cst336/labs/FinalProject/functions.php(220): PDOStatement->execute()
#1 /home/ubuntu/workspace/cst336/labs/FinalProject/updateProduct.php(10): getProductInfo('')
#2 {main}
  thrown in /home/ubuntu/workspace/cst336/labs/FinalProject/functions.php on line 220
[11-Dec-2018 20:37:28 UTC] PHP Fatal error:  Uncaught exception 'PDOException' with message 'SQLSTATE[42000]: Syntax error or access violation: 1064 You have an error in your SQL syntax; check the manual that corresponds to your MySQL server version for the right syntax to use near '' at line 8' in /home/ubuntu/workspace/cst336/labs/FinalProject/updateProduct.php:41
Stack trace:
#0 /home/ubuntu/workspace/cst336/labs/FinalProject/updateProduct.php(41): PDOStatement->execute(Array)
#1 {main}
  thrown in /home/ubuntu/workspace/cst336/labs/FinalProject/updateProduct.php on line 41
[11-Dec-2018 20:55:24 UTC] PHP Fatal error:  Call to a member function prepare() on a non-object in /home/ubuntu/workspace/cst336/labs/FinalProject/updateProduct.php on line 40
[11-Dec-2018 20:55:24 UTC] PHP Stack trace:
[11-Dec-2018 20:55:24 UTC] PHP   1. {main}() /home/ubuntu/workspace/cst336/labs/FinalProject/updateProduct.php:0
[11-Dec-2018 20:55:24 UTC] PHP   2. updateItems() /home/ubuntu/workspace/cst336/labs/FinalProject/updateProduct.php:107
[11-Dec-2018 20:55:58 UTC] PHP Fatal error:  Call to a member function prepare() on a non-object in /home/ubuntu/workspace/cst336/labs/FinalProject/functions.php on line 219
[11-Dec-2018 20:55:58 UTC] PHP Stack trace:
[11-Dec-2018 20:55:58 UTC] PHP   1. {main}() /home/ubuntu/workspace/cst336/labs/FinalProject/updateProduct.php:0
[11-Dec-2018 20:55:58 UTC] PHP   2. getProductInfo() /home/ubuntu/workspace/cst336/labs/FinalProject/updateProduct.php:9
[11-Dec-2018 20:55:59 UTC] PHP Fatal error:  Call to a member function prepare() on a non-object in /home/ubuntu/workspace/cst336/labs/FinalProject/functions.php on line 219
[11-Dec-2018 20:55:59 UTC] PHP Stack trace:
[11-Dec-2018 20:55:59 UTC] PHP   1. {main}() /home/ubuntu/workspace/cst336/labs/FinalProject/updateProduct.php:0
[11-Dec-2018 20:55:59 UTC] PHP   2. getProductInfo() /home/ubuntu/workspace/cst336/labs/FinalProject/updateProduct.php:9
[11-Dec-2018 20:56:10 UTC] PHP Fatal error:  Call to a member function prepare() on a non-object in /home/ubuntu/workspace/cst336/labs/FinalProject/functions.php on line 219
[11-Dec-2018 20:56:10 UTC] PHP Stack trace:
[11-Dec-2018 20:56:10 UTC] PHP   1. {main}() /home/ubuntu/workspace/cst336/labs/FinalProject/updateProduct.php:0
[11-Dec-2018 20:56:10 UTC] PHP   2. getProductInfo() /home/ubuntu/workspace/cst336/labs/FinalProject/updateProduct.php:9
[11-Dec-2018 22:57:58 UTC] PHP Fatal error:  Call to undefined function displayCartCount() in /home/ubuntu/workspace/cst336/labs/FinalProject/admin.php on line 59
[11-Dec-2018 22:57:58 UTC] PHP Stack trace:
[11-Dec-2018 22:57:58 UTC] PHP   1. {main}() /home/ubuntu/workspace/cst336/labs/FinalProject/admin.php:0
[12-Dec-2018 01:05:46 UTC] PHP Fatal error:  Uncaught exception 'PDOException' with message 'SQLSTATE[42000]: Syntax error or access violation: 1305 FUNCTION fifa.AVERAGE does not exist' in /home/ubuntu/workspace/cst336/labs/FinalProject/averageAPI.php:8
Stack trace:
#0 /home/ubuntu/workspace/cst336/labs/FinalProject/averageAPI.php(8): PDOStatement->execute()
#1 {main}
  thrown in /home/ubuntu/workspace/cst336/labs/FinalProject/averageAPI.php on line 8
[12-Dec-2018 08:15:07 UTC] PHP Warning:  nl2br() expects at least 1 parameter, 0 given in /home/ubuntu/workspace/cst336/labs/FinalProject/functions.php on line 97
[12-Dec-2018 08:15:07 UTC] PHP Stack trace:
[12-Dec-2018 08:15:07 UTC] PHP   1. {main}() /home/ubuntu/workspace/cst336/labs/FinalProject/index.php:0
[12-Dec-2018 08:15:07 UTC] PHP   2. filterProducts() /home/ubuntu/workspace/cst336/labs/FinalProject/index.php:91
[12-Dec-2018 08:15:07 UTC] PHP   3. nl2br() /home/ubuntu/workspace/cst336/labs/FinalProject/functions.php:97
[12-Dec-2018 08:15:07 UTC] PHP Warning:  nl2br() expects at least 1 parameter, 0 given in /home/ubuntu/workspace/cst336/labs/FinalProject/functions.php on line 97
[12-Dec-2018 08:15:07 UTC] PHP Stack trace:
[12-Dec-2018 08:15:07 UTC] PHP   1. {main}() /home/ubuntu/workspace/cst336/labs/FinalProject/index.php:0
[12-Dec-2018 08:15:07 UTC] PHP   2. filterProducts() /home/ubuntu/workspace/cst336/labs/FinalProject/index.php:91
[12-Dec-2018 08:15:07 UTC] PHP   3. nl2br() /home/ubuntu/workspace/cst336/labs/FinalProject/functions.php:97
[12-Dec-2018 08:15:07 UTC] PHP Warning:  nl2br() expects at least 1 parameter, 0 given in /home/ubuntu/workspace/cst336/labs/FinalProject/functions.php on line 97
[12-Dec-2018 08:15:07 UTC] PHP Stack trace:
[12-Dec-2018 08:15:07 UTC] PHP   1. {main}() /home/ubuntu/workspace/cst336/labs/FinalProject/index.php:0
[12-Dec-2018 08:15:07 UTC] PHP   2. filterProducts() /home/ubuntu/workspace/cst336/labs/FinalProject/index.php:91
[12-Dec-2018 08:15:07 UTC] PHP   3. nl2br() /home/ubuntu/workspace/cst336/labs/FinalProject/functions.php:97
[12-Dec-2018 08:15:07 UTC] PHP Warning:  nl2br() expects at least 1 parameter, 0 given in /home/ubuntu/workspace/cst336/labs/FinalProject/functions.php on line 97
[12-Dec-2018 08:15:07 UTC] PHP Stack trace:
[12-Dec-2018 08:15:07 UTC] PHP   1. {main}() /home/ubuntu/workspace/cst336/labs/FinalProject/index.php:0
[12-Dec-2018 08:15:07 UTC] PHP   2. filterProducts() /home/ubuntu/workspace/cst336/labs/FinalProject/index.php:91
[12-Dec-2018 08:15:07 UTC] PHP   3. nl2br() /home/ubuntu/workspace/cst336/labs/FinalProject/functions.php:97
[12-Dec-2018 08:15:07 UTC] PHP Warning:  nl2br() expects at least 1 parameter, 0 given in /home/ubuntu/workspace/cst336/labs/FinalProject/functions.php on line 97
[12-Dec-2018 08:15:07 UTC] PHP Stack trace:
[12-Dec-2018 08:15:07 UTC] PHP   1. {main}() /home/ubuntu/workspace/cst336/labs/FinalProject/index.php:0
[12-Dec-2018 08:15:07 UTC] PHP   2. filterProducts() /home/ubuntu/workspace/cst336/labs/FinalProject/index.php:91
[12-Dec-2018 08:15:07 UTC] PHP   3. nl2br() /home/ubuntu/workspace/cst336/labs/FinalProject/functions.php:97
[12-Dec-2018 08:15:07 UTC] PHP Warning:  nl2br() expects at least 1 parameter, 0 given in /home/ubuntu/workspace/cst336/labs/FinalProject/functions.php on line 97
[12-Dec-2018 08:15:07 UTC] PHP Stack trace:
[12-Dec-2018 08:15:07 UTC] PHP   1. {main}() /home/ubuntu/workspace/cst336/labs/FinalProject/index.php:0
[12-Dec-2018 08:15:07 UTC] PHP   2. filterProducts() /home/ubuntu/workspace/cst336/labs/FinalProject/index.php:91
[12-Dec-2018 08:15:07 UTC] PHP   3. nl2br() /home/ubuntu/workspace/cst336/labs/FinalProject/functions.php:97
[12-Dec-2018 08:15:07 UTC] PHP Warning:  nl2br() expects at least 1 parameter, 0 given in /home/ubuntu/workspace/cst336/labs/FinalProject/functions.php on line 97
[12-Dec-2018 08:15:07 UTC] PHP Stack trace:
[12-Dec-2018 08:15:07 UTC] PHP   1. {main}() /home/ubuntu/workspace/cst336/labs/FinalProject/index.php:0
[12-Dec-2018 08:15:07 UTC] PHP   2. filterProducts() /home/ubuntu/workspace/cst336/labs/FinalProject/index.php:91
[12-Dec-2018 08:15:07 UTC] PHP   3. nl2br() /home/ubuntu/workspace/cst336/labs/FinalProject/functions.php:97
[12-Dec-2018 08:15:07 UTC] PHP Warning:  nl2br() expects at least 1 parameter, 0 given in /home/ubuntu/workspace/cst336/labs/FinalProject/functions.php on line 97
[12-Dec-2018 08:15:07 UTC] PHP Stack trace:
[12-Dec-2018 08:15:07 UTC] PHP   1. {main}() /home/ubuntu/workspace/cst336/labs/FinalProject/index.php:0
[12-Dec-2018 08:15:07 UTC] PHP   2. filterProducts() /home/ubuntu/workspace/cst336/labs/FinalProject/index.php:91
[12-Dec-2018 08:15:07 UTC] PHP   3. nl2br() /home/ubuntu/workspace/cst336/labs/FinalProject/functions.php:97
[12-Dec-2018 08:15:07 UTC] PHP Warning:  nl2br() expects at least 1 parameter, 0 given in /home/ubuntu/workspace/cst336/labs/FinalProject/functions.php on line 97
[12-Dec-2018 08:15:07 UTC] PHP Stack trace:
[12-Dec-2018 08:15:07 UTC] PHP   1. {main}() /home/ubuntu/workspace/cst336/labs/FinalProject/index.php:0
[12-Dec-2018 08:15:07 UTC] PHP   2. filterProducts() /home/ubuntu/workspace/cst336/labs/FinalProject/index.php:91
[12-Dec-2018 08:15:07 UTC] PHP   3. nl2br() /home/ubuntu/workspace/cst336/labs/FinalProject/functions.php:97
[12-Dec-2018 08:15:07 UTC] PHP Warning:  nl2br() expects at least 1 parameter, 0 given in /home/ubuntu/workspace/cst336/labs/FinalProject/functions.php on line 97
[12-Dec-2018 08:15:07 UTC] PHP Stack trace:
[12-Dec-2018 08:15:07 UTC] PHP   1. {main}() /home/ubuntu/workspace/cst336/labs/FinalProject/index.php:0
[12-Dec-2018 08:15:07 UTC] PHP   2. filterProducts() /home/ubuntu/workspace/cst336/labs/FinalProject/index.php:91
[12-Dec-2018 08:15:07 UTC] PHP   3. nl2br() /home/ubuntu/workspace/cst336/labs/FinalProject/functions.php:97
[12-Dec-2018 08:15:07 UTC] PHP Warning:  nl2br() expects at least 1 parameter, 0 given in /home/ubuntu/workspace/cst336/labs/FinalProject/functions.php on line 97
[12-Dec-2018 08:15:07 UTC] PHP Stack trace:
[12-Dec-2018 08:15:07 UTC] PHP   1. {main}() /home/ubuntu/workspace/cst336/labs/FinalProject/index.php:0
[12-Dec-2018 08:15:07 UTC] PHP   2. filterProducts() /home/ubuntu/workspace/cst336/labs/FinalProject/index.php:91
[12-Dec-2018 08:15:07 UTC] PHP   3. nl2br() /home/ubuntu/workspace/cst336/labs/FinalProject/functions.php:97
[12-Dec-2018 08:15:07 UTC] PHP Warning:  nl2br() expects at least 1 parameter, 0 given in /home/ubuntu/workspace/cst336/labs/FinalProject/functions.php on line 97
[12-Dec-2018 08:15:07 UTC] PHP Stack trace:
[12-Dec-2018 08:15:07 UTC] PHP   1. {main}() /home/ubuntu/workspace/cst336/labs/FinalProject/index.php:0
[12-Dec-2018 08:15:07 UTC] PHP   2. filterProducts() /home/ubuntu/workspace/cst336/labs/FinalProject/index.php:91
[12-Dec-2018 08:15:07 UTC] PHP   3. nl2br() /home/ubuntu/workspace/cst336/labs/FinalProject/functions.php:97
[12-Dec-2018 08:15:07 UTC] PHP Warning:  nl2br() expects at least 1 parameter, 0 given in /home/ubuntu/workspace/cst336/labs/FinalProject/functions.php on line 97
[12-Dec-2018 08:15:07 UTC] PHP Stack trace:
[12-Dec-2018 08:15:07 UTC] PHP   1. {main}() /home/ubuntu/workspace/cst336/labs/FinalProject/index.php:0
[12-Dec-2018 08:15:07 UTC] PHP   2. filterProducts() /home/ubuntu/workspace/cst336/labs/FinalProject/index.php:91
[12-Dec-2018 08:15:07 UTC] PHP   3. nl2br() /home/ubuntu/workspace/cst336/labs/FinalProject/functions.php:97
[12-Dec-2018 08:15:07 UTC] PHP Warning:  nl2br() expects at least 1 parameter, 0 given in /home/ubuntu/workspace/cst336/labs/FinalProject/functions.php on line 97
[12-Dec-2018 08:15:07 UTC] PHP Stack trace:
[12-Dec-2018 08:15:07 UTC] PHP   1. {main}() /home/ubuntu/workspace/cst336/labs/FinalProject/index.php:0
[12-Dec-2018 08:15:07 UTC] PHP   2. filterProducts() /home/ubuntu/workspace/cst336/labs/FinalProject/index.php:91
[12-Dec-2018 08:15:07 UTC] PHP   3. nl2br() /home/ubuntu/workspace/cst336/labs/FinalProject/functions.php:97
[12-Dec-2018 08:15:07 UTC] PHP Warning:  nl2br() expects at least 1 parameter, 0 given in /home/ubuntu/workspace/cst336/labs/FinalProject/functions.php on line 97
[12-Dec-2018 08:15:07 UTC] PHP Stack trace:
[12-Dec-2018 08:15:07 UTC] PHP   1. {main}() /home/ubuntu/workspace/cst336/labs/FinalProject/index.php:0
[12-Dec-2018 08:15:07 UTC] PHP   2. filterProducts() /home/ubuntu/workspace/cst336/labs/FinalProject/index.php:91
[12-Dec-2018 08:15:07 UTC] PHP   3. nl2br() /home/ubuntu/workspace/cst336/labs/FinalProject/functions.php:97
[12-Dec-2018 08:15:07 UTC] PHP Warning:  nl2br() expects at least 1 parameter, 0 given in /home/ubuntu/workspace/cst336/labs/FinalProject/functions.php on line 97
[12-Dec-2018 08:15:07 UTC] PHP Stack trace:
[12-Dec-2018 08:15:07 UTC] PHP   1. {main}() /home/ubuntu/workspace/cst336/labs/FinalProject/index.php:0
[12-Dec-2018 08:15:07 UTC] PHP   2. filterProducts() /home/ubuntu/workspace/cst336/labs/FinalProject/index.php:91
[12-Dec-2018 08:15:07 UTC] PHP   3. nl2br() /home/ubuntu/workspace/cst336/labs/FinalProject/functions.php:97
[12-Dec-2018 08:15:07 UTC] PHP Warning:  nl2br() expects at least 1 parameter, 0 given in /home/ubuntu/workspace/cst336/labs/FinalProject/functions.php on line 97
[12-Dec-2018 08:15:07 UTC] PHP Stack trace:
[12-Dec-2018 08:15:07 UTC] PHP   1. {main}() /home/ubuntu/workspace/cst336/labs/FinalProject/index.php:0
[12-Dec-2018 08:15:07 UTC] PHP   2. filterProducts() /home/ubuntu/workspace/cst336/labs/FinalProject/index.php:91
[12-Dec-2018 08:15:07 UTC] PHP   3. nl2br() /home/ubuntu/workspace/cst336/labs/FinalProject/functions.php:97
[12-Dec-2018 08:15:07 UTC] PHP Warning:  nl2br() expects at least 1 parameter, 0 given in /home/ubuntu/workspace/cst336/labs/FinalProject/functions.php on line 97
[12-Dec-2018 08:15:07 UTC] PHP Stack trace:
[12-Dec-2018 08:15:07 UTC] PHP   1. {main}() /home/ubuntu/workspace/cst336/labs/FinalProject/index.php:0
[12-Dec-2018 08:15:07 UTC] PHP   2. filterProducts() /home/ubuntu/workspace/cst336/labs/FinalProject/index.php:91
[12-Dec-2018 08:15:07 UTC] PHP   3. nl2br() /home/ubuntu/workspace/cst336/labs/FinalProject/functions.php:97
[12-Dec-2018 08:15:07 UTC] PHP Warning:  nl2br() expects at least 1 parameter, 0 given in /home/ubuntu/workspace/cst336/labs/FinalProject/functions.php on line 97
[12-Dec-2018 08:15:07 UTC] PHP Stack trace:
[12-Dec-2018 08:15:07 UTC] PHP   1. {main}() /home/ubuntu/workspace/cst336/labs/FinalProject/index.php:0
[12-Dec-2018 08:15:07 UTC] PHP   2. filterProducts() /home/ubuntu/workspace/cst336/labs/FinalProject/index.php:91
[12-Dec-2018 08:15:07 UTC] PHP   3. nl2br() /home/ubuntu/workspace/cst336/labs/FinalProject/functions.php:97
[12-Dec-2018 08:15:07 UTC] PHP Warning:  nl2br() expects at least 1 parameter, 0 given in /home/ubuntu/workspace/cst336/labs/FinalProject/functions.php on line 97
[12-Dec-2018 08:15:07 UTC] PHP Stack trace:
[12-Dec-2018 08:15:07 UTC] PHP   1. {main}() /home/ubuntu/workspace/cst336/labs/FinalProject/index.php:0
[12-Dec-2018 08:15:07 UTC] PHP   2. filterProducts() /home/ubuntu/workspace/cst336/labs/FinalProject/index.php:91
[12-Dec-2018 08:15:07 UTC] PHP   3. nl2br() /home/ubuntu/workspace/cst336/labs/FinalProject/functions.php:97
